+-------+-----+-------+------+-----+-----+--------+-------------------------------------------------------------+-------+-------+---------+-------+-------+-------+-------+--------+------------+------------+--------------+------------+
| COUNT | 1XX |  2XX  | 3XX  | 4XX | 5XX | METHOD |                             URI                             |  MIN  |  MAX  |   SUM   |  AVG  |  P90  |  P95  |  P99  | STDDEV | MIN(BODY)  | MAX(BODY)  |  SUM(BODY)   | AVG(BODY)  |
+-------+-----+-------+------+-----+-----+--------+-------------------------------------------------------------+-------+-------+---------+-------+-------+-------+-------+--------+------------+------------+--------------+------------+
| 13339 | 0   | 13339 | 0    | 0   | 0   | POST   | /api/chair/coordinate                                       | 0.005 | 0.082 | 254.610 | 0.019 | 0.025 | 0.028 | 0.035 | 0.005  | 29.000     | 29.000     | 386831.000   | 29.000     |
| 2208  | 0   | 2208  | 0    | 0   | 0   | GET    | /api/app/notification                                       | 0.001 | 0.069 | 19.041  | 0.009 | 0.019 | 0.023 | 0.033 | 0.007  | 262.000    | 454.000    | 717007.000   | 324.731    |
| 2253  | 0   | 2253  | 0    | 0   | 0   | GET    | /api/chair/notification                                     | 0.001 | 0.072 | 15.176  | 0.007 | 0.016 | 0.020 | 0.032 | 0.008  | 35.000     | 272.000    | 486506.000   | 215.937    |
| 146   | 0   | 146   | 0    | 0   | 0   | GET    | /api/app/nearby-chairs                                      | 0.011 | 0.204 | 9.954   | 0.068 | 0.141 | 0.183 | 0.203 | 0.046  | 42.000     | 2092.000   | 82762.000    | 566.863    |
| 88    | 0   | 88    | 0    | 0   | 0   | POST   | /api/app/rides/[A-Z0-9]+/evaluation                         | 0.036 | 0.911 | 9.327   | 0.106 | 0.355 | 0.481 | 0.911 | 0.176  | 30.000     | 30.000     | 2640.000     | 30.000     |
| 2     | 0   | 0     | 0    | 2   | 0   | POST   | -                                                           | 1.459 | 2.572 | 4.031   | 2.016 | 2.572 | 2.572 | 2.572 | 0.556  | 166.000    | 166.000    | 332.000      | 166.000    |
| 150   | 0   | 150   | 0    | 0   | 0   | GET    | /api/owner/sales                                            | 0.008 | 0.044 | 3.219   | 0.021 | 0.030 | 0.034 | 0.044 | 0.007  | 376.000    | 9017.000   | 110758.000   | 738.387    |
| 1451  | 0   | 1448  | 0    | 0   | 3   | GET    | /api/internal/matching                                      | 0.014 | 0.057 | 2.900   | 0.002 | 0.002 | 0.010 | 0.021 | 0.004  | 0.000      | 150.000    | 450.000      | 0.310      |
| 195   | 0   | 195   | 0    | 0   | 0   | POST   | /api/chair/rides/[A-Z0-9]+/status                           | 0.006 | 0.078 | 2.813   | 0.014 | 0.020 | 0.022 | 0.026 | 0.006  | 0.000      | 0.000      | 0.000        | 0.000      |
| 135   | 0   | 135   | 0    | 0   | 0   | POST   | /api/app/rides                                              | 0.007 | 0.061 | 2.518   | 0.019 | 0.028 | 0.031 | 0.034 | 0.008  | 51.000     | 53.000     | 7002.000     | 51.867     |
| 1     | 0   | 1     | 0    | 0   | 0   | POST   | /api/initialize                                             | 2.477 | 2.477 | 2.477   | 2.477 | 2.477 | 2.477 | 2.477 | 0.000  | 17.000     | 17.000     | 17.000       | 17.000     |
| 81    | 0   | 81    | 0    | 0   | 0   | POST   | /api/app/payment-methods                                    | 0.007 | 0.123 | 2.106   | 0.026 | 0.107 | 0.107 | 0.123 | 0.032  | 0.000      | 0.000      | 0.000        | 0.000      |
| 52    | 0   | 52    | 0    | 0   | 0   | POST   | /api/chair/activity                                         | 0.007 | 0.117 | 1.917   | 0.037 | 0.113 | 0.116 | 0.117 | 0.037  | 0.000      | 0.000      | 0.000        | 0.000      |
| 81    | 0   | 81    | 0    | 0   | 0   | POST   | /api/app/users                                              | 0.004 | 0.033 | 0.913   | 0.011 | 0.017 | 0.019 | 0.033 | 0.005  | 86.000     | 86.000     | 6966.000     | 86.000     |
| 149   | 0   | 149   | 0    | 0   | 0   | GET    | /api/app/rides                                              | 0.001 | 0.025 | 0.727   | 0.005 | 0.009 | 0.015 | 0.023 | 0.004  | 12.000     | 2158.000   | 48167.000    | 323.268    |
| 52    | 0   | 52    | 0    | 0   | 0   | POST   | /api/chair/chairs                                           | 0.003 | 0.025 | 0.564   | 0.011 | 0.016 | 0.018 | 0.025 | 0.005  | 75.000     | 75.000     | 3900.000     | 75.000     |
| 139   | 0   | 139   | 0    | 0   | 0   | POST   | /api/app/rides/estimated-fare                               | 0.001 | 0.031 | 0.388   | 0.003 | 0.005 | 0.008 | 0.013 | 0.003  | 26.000     | 29.000     | 3847.000     | 27.676     |
| 166   | 0   | 166   | 0    | 0   | 0   | GET    | /api/owner/chairs                                           | 0.001 | 0.004 | 0.288   | 0.002 | 0.003 | 0.004 | 0.004 | 0.001  | 568.000    | 19000.000  | 214483.000   | 1292.066   |
| 8451  | 0   | 1998  | 6453 | 0   | 0   | GET    | /assets.*                                                   | 0.000 | 0.004 | 0.094   | 0.000 | 0.000 | 0.000 | 0.000 | 0.000  | 0.000      | 184569.000 | 30824385.000 | 3647.425   |
| 1     | 0   | 1     | 0    | 0   | 0   | GET    | /api/owner/sales?                                           | 0.030 | 0.030 | 0.030   | 0.030 | 0.030 | 0.030 | 0.030 | 0.000  | 9183.000   | 9183.000   | 9183.000     | 9183.000   |
| 5     | 0   | 5     | 0    | 0   | 0   | POST   | /api/owner/owners                                           | 0.002 | 0.010 | 0.030   | 0.006 | 0.010 | 0.010 | 0.010 | 0.003  | 125.000    | 125.000    | 625.000      | 125.000    |
| 316   | 0   | 82    | 234  | 0   | 0   | GET    | /images/town.svg                                            | 0.000 | 0.001 | 0.002   | 0.000 | 0.000 | 0.000 | 0.000 | 0.000  | 0.000      | 128735.000 | 10556270.000 | 33405.918  |
| 1     | 0   | 1     | 0    | 0   | 0   | GET    | /images/top-bg.png                                          | 0.002 | 0.002 | 0.002   | 0.002 | 0.002 | 0.002 | 0.002 | 0.000  | 549793.000 | 549793.000 | 549793.000   | 549793.000 |
| 1     | 0   | 0     | 0    | 1   | 0   | GET    | /lib/phpunit/Util/PHP/eval-stdin.php                        | 0.000 | 0.000 | 0.000   | 0.000 | 0.000 | 0.000 | 0.000 | 0.000  | 162.000    | 162.000    | 162.000      | 162.000    |
| 316   | 0   | 82    | 234  | 0   | 0   | GET    | /images/buildings4.svg                                      | 0.000 | 0.000 | 0.000   | 0.000 | 0.000 | 0.000 | 0.000 | 0.000  | 0.000      | 4582.000   | 375724.000   | 1189.000   |
| 1     | 0   | 0     | 0    | 1   | 0   | GET    | /tests/vendor/phpunit/phpunit/src/Util/PHP/eval-stdin.php   | 0.000 | 0.000 | 0.000   | 0.000 | 0.000 | 0.000 | 0.000 | 0.000  | 162.000    | 162.000    | 162.000      | 162.000    |
| 1     | 0   | 0     | 0    | 1   | 0   | GET    | /test/vendor/phpunit/phpunit/src/Util/PHP/eval-stdin.php    | 0.000 | 0.000 | 0.000   | 0.000 | 0.000 | 0.000 | 0.000 | 0.000  | 162.000    | 162.000    | 162.000      | 162.000    |
| 316   | 0   | 82    | 234  | 0   | 0   | GET    | /client                                                     | 0.000 | 0.000 | 0.000   | 0.000 | 0.000 | 0.000 | 0.000 | 0.000  | 0.000      | 704.000    | 57728.000    | 182.684    |
| 1     | 0   | 1     | 0    | 0   | 0   | GET    | /favicon-128x128.png                                        | 0.000 | 0.000 | 0.000   | 0.000 | 0.000 | 0.000 | 0.000 | 0.000  | 783.000    | 783.000    | 783.000      | 783.000    |
| 1     | 0   | 0     | 0    | 1   | 0   | GET    | /ws/ec/vendor/phpunit/phpunit/src/Util/PHP/eval-stdin.php   | 0.000 | 0.000 | 0.000   | 0.000 | 0.000 | 0.000 | 0.000 | 0.000  | 162.000    | 162.000    | 162.000      | 162.000    |
| 316   | 0   | 82    | 234  | 0   | 0   | GET    | /images/house1.svg                                          | 0.000 | 0.000 | 0.000   | 0.000 | 0.000 | 0.000 | 0.000 | 0.000  | 0.000      | 2903.000   | 238046.000   | 753.310    |
| 1     | 0   | 1     | 0    | 0   | 0   | GET    | /index.html                                                 | 0.000 | 0.000 | 0.000   | 0.000 | 0.000 | 0.000 | 0.000 | 0.000  | 704.000    | 704.000    | 704.000      | 704.000    |
| 1     | 0   | 0     | 0    | 1   | 0   | GET    | /zend/vendor/phpunit/phpunit/src/Util/PHP/eval-stdin.php    | 0.000 | 0.000 | 0.000   | 0.000 | 0.000 | 0.000 | 0.000 | 0.000  | 162.000    | 162.000    | 162.000      | 162.000    |
| 316   | 0   | 82    | 234  | 0   | 0   | GET    | /images/buildings5.svg                                      | 0.000 | 0.000 | 0.000   | 0.000 | 0.000 | 0.000 | 0.000 | 0.000  | 0.000      | 9858.000   | 808356.000   | 2558.089   |
| 316   | 0   | 82    | 234  | 0   | 0   | GET    | /images/house2.svg                                          | 0.000 | 0.000 | 0.000   | 0.000 | 0.000 | 0.000 | 0.000 | 0.000  | 0.000      | 6430.000   | 527260.000   | 1668.544   |
| 1     | 0   | 0     | 0    | 1   | 0   | GET    | /yii/vendor/phpunit/phpunit/src/Util/PHP/eval-stdin.php     | 0.000 | 0.000 | 0.000   | 0.000 | 0.000 | 0.000 | 0.000 | 0.000  | 162.000    | 162.000    | 162.000      | 162.000    |
| 1     | 0   | 1     | 0    | 0   | 0   | GET    | /images/top-logo.svg                                        | 0.000 | 0.000 | 0.000   | 0.000 | 0.000 | 0.000 | 0.000 | 0.000  | 4749.000   | 4749.000   | 4749.000     | 4749.000   |
| 486   | 0   | 87    | 399  | 0   | 0   | GET    | /favicon.ico                                                | 0.000 | 0.000 | 0.000   | 0.000 | 0.000 | 0.000 | 0.000 | 0.000  | 0.000      | 16958.000  | 1475346.000  | 3035.691   |
| 316   | 0   | 82    | 234  | 0   | 0   | GET    | /images/buildings6.svg                                      | 0.000 | 0.000 | 0.000   | 0.000 | 0.000 | 0.000 | 0.000 | 0.000  | 0.000      | 9454.000   | 775228.000   | 2453.253   |
| 1     | 0   | 1     | 0    | 0   | 0   | GET    | /apple-touch-icon-180x180.png                               | 0.000 | 0.000 | 0.000   | 0.000 | 0.000 | 0.000 | 0.000 | 0.000  | 1020.000   | 1020.000   | 1020.000     | 1020.000   |
| 486   | 0   | 87    | 399  | 0   | 0   | GET    | /favicon-32x32.png                                          | 0.000 | 0.000 | 0.000   | 0.000 | 0.000 | 0.000 | 0.000 | 0.000  | 0.000      | 336.000    | 29232.000    | 60.148     |
| 316   | 0   | 82    | 234  | 0   | 0   | GET    | /images/buildings1.svg                                      | 0.000 | 0.000 | 0.000   | 0.000 | 0.000 | 0.000 | 0.000 | 0.000  | 0.000      | 13886.000  | 1138652.000  | 3603.329   |
| 316   | 0   | 82    | 234  | 0   | 0   | GET    | /images/buildings3.svg                                      | 0.000 | 0.000 | 0.000   | 0.000 | 0.000 | 0.000 | 0.000 | 0.000  | 0.000      | 23793.000  | 1951026.000  | 6174.133   |
| 316   | 0   | 82    | 234  | 0   | 0   | GET    | /images/buildings2.svg                                      | 0.000 | 0.000 | 0.000   | 0.000 | 0.000 | 0.000 | 0.000 | 0.000  | 0.000      | 23825.000  | 1953650.000  | 6182.437   |
| 1     | 0   | 0     | 0    | 1   | 0   | GET    | /V2/vendor/phpunit/phpunit/src/Util/PHP/eval-stdin.php      | 0.000 | 0.000 | 0.000   | 0.000 | 0.000 | 0.000 | 0.000 | 0.000  | 162.000    | 162.000    | 162.000      | 162.000    |
| 171   | 0   | 6     | 165  | 0   | 0   | GET    | /owner                                                      | 0.000 | 0.000 | 0.000   | 0.000 | 0.000 | 0.000 | 0.000 | 0.000  | 0.000      | 704.000    | 4224.000     | 24.702     |
| 1     | 0   | 0     | 0    | 1   | 0   | GET    | /ws/vendor/phpunit/phpunit/src/Util/PHP/eval-stdin.php      | 0.000 | 0.000 | 0.000   | 0.000 | 0.000 | 0.000 | 0.000 | 0.000  | 162.000    | 162.000    | 162.000      | 162.000    |
| 1     | 0   | 0     | 0    | 1   | 0   | GET    | /www/vendor/phpunit/phpunit/src/Util/PHP/eval-stdin.php     | 0.000 | 0.000 | 0.000   | 0.000 | 0.000 | 0.000 | 0.000 | 0.000  | 162.000    | 162.000    | 162.000      | 162.000    |
| 1     | 0   | 0     | 0    | 1   | 0   | GET    | /laravel/vendor/phpunit/phpunit/src/Util/PHP/eval-stdin.php | 0.000 | 0.000 | 0.000   | 0.000 | 0.000 | 0.000 | 0.000 | 0.000  | 162.000    | 162.000    | 162.000      | 162.000    |
| 1     | 0   | 0     | 0    | 1   | 0   | GET    | /lib/vendor/phpunit/phpunit/src/Util/PHP/eval-stdin.php     | 0.000 | 0.000 | 0.000   | 0.000 | 0.000 | 0.000 | 0.000 | 0.000  | 162.000    | 162.000    | 162.000      | 162.000    |
| 1     | 0   | 0     | 0    | 1   | 0   | GET    | /lib/phpunit/src/Util/PHP/eval-stdin.php                    | 0.000 | 0.000 | 0.000   | 0.000 | 0.000 | 0.000 | 0.000 | 0.000  | 162.000    | 162.000    | 162.000      | 162.000    |
| 1     | 0   | 0     | 0    | 1   | 0   | GET    | /lib/phpunit/phpunit/Util/PHP/eval-stdin.php                | 0.000 | 0.000 | 0.000   | 0.000 | 0.000 | 0.000 | 0.000 | 0.000  | 162.000    | 162.000    | 162.000      | 162.000    |
| 1     | 0   | 0     | 0    | 1   | 0   | GET    | /lib/phpunit/phpunit/src/Util/PHP/eval-stdin.php            | 0.000 | 0.000 | 0.000   | 0.000 | 0.000 | 0.000 | 0.000 | 0.000  | 162.000    | 162.000    | 162.000      | 162.000    |
| 1     | 0   | 0     | 0    | 1   | 0   | GET    | /phpunit/Util/PHP/eval-stdin.php                            | 0.000 | 0.000 | 0.000   | 0.000 | 0.000 | 0.000 | 0.000 | 0.000  | 162.000    | 162.000    | 162.000      | 162.000    |
| 1     | 0   | 0     | 0    | 1   | 0   | GET    | /phpunit/src/Util/PHP/eval-stdin.php                        | 0.000 | 0.000 | 0.000   | 0.000 | 0.000 | 0.000 | 0.000 | 0.000  | 162.000    | 162.000    | 162.000      | 162.000    |
| 1     | 0   | 0     | 0    | 1   | 0   | GET    | /phpunit/phpunit/Util/PHP/eval-stdin.php                    | 0.000 | 0.000 | 0.000   | 0.000 | 0.000 | 0.000 | 0.000 | 0.000  | 162.000    | 162.000    | 162.000      | 162.000    |
| 1     | 0   | 0     | 0    | 1   | 0   | GET    | /phpunit/phpunit/src/Util/PHP/eval-stdin.php                | 0.000 | 0.000 | 0.000   | 0.000 | 0.000 | 0.000 | 0.000 | 0.000  | 162.000    | 162.000    | 162.000      | 162.000    |
| 1     | 0   | 0     | 0    | 1   | 0   | GET    | /vendor/vendor/phpunit/phpunit/src/Util/PHP/eval-stdin.php  | 0.000 | 0.000 | 0.000   | 0.000 | 0.000 | 0.000 | 0.000 | 0.000  | 162.000    | 162.000    | 162.000      | 162.000    |
| 1     | 0   | 0     | 0    | 1   | 0   | GET    | /vendor/phpunit/phpunit/LICENSE/eval-stdin.php              | 0.000 | 0.000 | 0.000   | 0.000 | 0.000 | 0.000 | 0.000 | 0.000  | 162.000    | 162.000    | 162.000      | 162.000    |
| 1     | 0   | 0     | 0    | 1   | 0   | GET    | /vendor/phpunit/Util/PHP/eval-stdin.php                     | 0.000 | 0.000 | 0.000   | 0.000 | 0.000 | 0.000 | 0.000 | 0.000  | 162.000    | 162.000    | 162.000      | 162.000    |
| 1     | 0   | 0     | 0    | 1   | 0   | GET    | /vendor/phpunit/src/Util/PHP/eval-stdin.php                 | 0.000 | 0.000 | 0.000   | 0.000 | 0.000 | 0.000 | 0.000 | 0.000  | 162.000    | 162.000    | 162.000      | 162.000    |
| 1     | 0   | 0     | 0    | 1   | 0   | GET    | /vendor/phpunit/phpunit/Util/PHP/eval-stdin.php             | 0.000 | 0.000 | 0.000   | 0.000 | 0.000 | 0.000 | 0.000 | 0.000  | 162.000    | 162.000    | 162.000      | 162.000    |
| 1     | 0   | 0     | 0    | 1   | 0   | GET    | /vendor/phpunit/phpunit/src/Util/PHP/eval-stdin.php         | 0.000 | 0.000 | 0.000   | 0.000 | 0.000 | 0.000 | 0.000 | 0.000  | 162.000    | 162.000    | 162.000      | 162.000    |
| 1     | 0   | 0     | 0    | 1   | 0   | POST   | /hello.world                                                | 0.000 | 0.000 | 0.000   | 0.000 | 0.000 | 0.000 | 0.000 | 0.000  | 162.000    | 162.000    | 162.000      | 162.000    |
+-------+-----+-------+------+-----+-----+--------+-------------------------------------------------------------+-------+-------+---------+-------+-------+-------+-------+--------+------------+------------+--------------+------------+
