
# 37.9s user time, 70ms system time, 33.26M rss, 39.46M vsz
# Current date: Sun Dec  8 02:30:04 2024
# Hostname: ip-192-168-0-11
# Files: /var/log/mysql/mysql-slow.log
# Overall: 566.10k total, 128 unique, 523.68 QPS, 0.34x concurrency ______
# Time range: 2024-12-08T02:12:03 to 2024-12-08T02:30:04
# Attribute          total     min     max     avg     95%  stddev  median
# ============     ======= ======= ======= ======= ======= ======= =======
# Exec time           366s     1us      3s   645us   799us    27ms    49us
# Lock time          492ms       0    26ms       0     1us    82us       0
# Rows sent        188.60k       0     526    0.34    0.99    5.68       0
# Rows examine      11.80M       0     806   21.85    1.96  117.71       0
# Query size        29.96M       6 1011.33k   55.50  107.34   2.09k   31.70

# Profile
# Rank Query ID                            Response time  Calls  R/Call V/
# ==== =================================== ============== ====== ====== ==
#    1 0x25D034CF58223D3C0432925663366D80  194.0351 53.1%     88 2.2049  0.07 SELECT chairs chair_locations
#    2 0xFFFCA4D67EA0A788813031B8BBC3B329   76.2168 20.8%  26056 0.0029  0.01 COMMIT
#    3 0xE13EB9FE8E585FDE0A4C67FEB1D9D015   25.4290  7.0%   7934 0.0032  0.00 SELECT rides
#    4 0xDA556F9115773A1A99AA0165670CE848   17.8515  4.9% 164242 0.0001  0.02 ADMIN PREPARE
#    5 0xA3B0C1486434871B20F519E77C3FD9E6   10.8587  3.0%   8037 0.0014  0.00 SELECT coupons
#    6 0xDCA6B16A0FC65C799EB401CBD984EACF    6.9323  1.9%  26635 0.0003  0.00 SELECT ride_statuses
#    7 0x49D4717E21912CD8B13961B8248A27CF    5.2278  1.4%  22328 0.0002  0.00 SELECT chairs
#    8 0xD8DAD8AC6EDE2238F17AC39B0009258F    4.5378  1.2%  22218 0.0002  0.00 SELECT rides
#    9 0x780A355BC10F6DC5B57B4BBCC1A9703E    2.7864  0.8%  10581 0.0003  0.00 SELECT ride_statuses
#   10 0x5CAA8168B7B8D221E74FB978834E34B2    2.4074  0.7%   7934 0.0003  0.00 SELECT ride_statuses
#   11 0x9C1BE9A08595D62A208963461F89E6D8    2.3288  0.6%   8668 0.0003  0.00 SELECT ride_statuses
# MISC 0xMISC                               17.0590  4.7% 261376 0.0001   0.0 <117 ITEMS>

# Query 1: 1.44 QPS, 3.18x concurrency, ID 0x25D034CF58223D3C0432925663366D80 at byte 135585755
# This item is included in the report because it matches --limit.
# Scores: V/M = 0.07
# Time range: 2024-12-08T02:27:13 to 2024-12-08T02:28:14
# Attribute    pct   total     min     max     avg     95%  stddev  median
# ============ === ======= ======= ======= ======= ======= ======= =======
# Count          0      88
# Exec time     53    194s   158ms      3s      2s      3s   400ms      2s
# Lock time      0   169us     1us    18us     1us     1us     2us     1us
# Rows sent      0     481       4     100    5.47    5.75    9.89    3.89
# Rows examine   0     941       8     179   10.69   11.95   17.69    7.70
# Query size     0  79.58k     926     926     926     926       0     926
# String:
# Databases    isuride
# Hosts        localhost
# Users        isucon
# Query_time distribution
#   1us
#  10us
# 100us
#   1ms
#  10ms
# 100ms  ##
#    1s  ################################################################
#  10s+
# Tables
#    SHOW TABLE STATUS FROM `isuride` LIKE 'chairs'\G
#    SHOW CREATE TABLE `isuride`.`chairs`\G
#    SHOW TABLE STATUS FROM `isuride` LIKE 'chair_locations'\G
#    SHOW CREATE TABLE `isuride`.`chair_locations`\G
# EXPLAIN /*!50100 PARTITIONS*/
SELECT id,
       owner_id,
       name,
       access_token,
       model,
       is_active,
       created_at,
       updated_at,
       IFNULL(total_distance, 0) AS total_distance,
       total_distance_updated_at
FROM chairs
       LEFT JOIN (SELECT chair_id,
                          SUM(IFNULL(distance, 0)) AS total_distance,
                          MAX(created_at)          AS total_distance_updated_at
                   FROM (SELECT chair_id,
                                created_at,
                                ABS(latitude - LAG(latitude) OVER (PARTITION BY chair_id ORDER BY created_at)) +
                                ABS(longitude - LAG(longitude) OVER (PARTITION BY chair_id ORDER BY created_at)) AS distance
                         FROM chair_locations) tmp
                   GROUP BY chair_id) distance_table ON distance_table.chair_id = chairs.id
WHERE owner_id = '01JEJ1F8AJ5KHXBK0Y22A6A92T'\G

# Query 2: 394.79 QPS, 1.15x concurrency, ID 0xFFFCA4D67EA0A788813031B8BBC3B329 at byte 103669070
# This item is included in the report because it matches --limit.
# Scores: V/M = 0.01
# Time range: 2024-12-08T02:27:12 to 2024-12-08T02:28:18
# Attribute    pct   total     min     max     avg     95%  stddev  median
# ============ === ======= ======= ======= ======= ======= ======= =======
# Count          4   26056
# Exec time     20     76s    16us    57ms     3ms    12ms     5ms    33us
# Lock time      0       0       0       0       0       0       0       0
# Rows sent      0       0       0       0       0       0       0       0
# Rows examine   0       0       0       0       0       0       0       0
# Query size     0 152.67k       6       6       6       6       0       6
# String:
# Databases    isuride
# Hosts        localhost
# Users        isucon
# Query_time distribution
#   1us
#  10us  ################################################################
# 100us  ###
#   1ms  #################
#  10ms  ############
# 100ms
#    1s
#  10s+
COMMIT\G

# Query 3: 122.06 QPS, 0.39x concurrency, ID 0xE13EB9FE8E585FDE0A4C67FEB1D9D015 at byte 100321668
# This item is included in the report because it matches --limit.
# Scores: V/M = 0.00
# Time range: 2024-12-08T02:27:13 to 2024-12-08T02:28:18
# Attribute    pct   total     min     max     avg     95%  stddev  median
# ============ === ======= ======= ======= ======= ======= ======= =======
# Count          1    7934
# Exec time      6     25s   465us    23ms     3ms     8ms     3ms     2ms
# Lock time      2    10ms       0   367us     1us     1us     6us     1us
# Rows sent      4   7.75k       1       1       1       1       0       1
# Rows examine  50   5.93M     760     806  783.83  793.42   17.68  755.64
# Query size     2 751.56k      97      97      97      97       0      97
# String:
# Databases    isuride
# Hosts        localhost
# Users        isucon
# Query_time distribution
#   1us
#  10us
# 100us  ##########################
#   1ms  ################################################################
#  10ms  ##
# 100ms
#    1s
#  10s+
# Tables
#    SHOW TABLE STATUS FROM `isuride` LIKE 'rides'\G
#    SHOW CREATE TABLE `isuride`.`rides`\G
# EXPLAIN /*!50100 PARTITIONS*/
SELECT * FROM rides WHERE user_id = '01JEJ1G74ESKHF0JN2SBK8JVYD' ORDER BY created_at DESC LIMIT 1\G

# Query 4: 2.49k QPS, 0.27x concurrency, ID 0xDA556F9115773A1A99AA0165670CE848 at byte 4157627
# This item is included in the report because it matches --limit.
# Scores: V/M = 0.02
# Time range: 2024-12-08T02:27:12 to 2024-12-08T02:28:18
# Attribute    pct   total     min     max     avg     95%  stddev  median
# ============ === ======= ======= ======= ======= ======= ======= =======
# Count         29  164242
# Exec time      4     18s    24us   129ms   108us   224us     1ms    54us
# Lock time      0    14us       0     3us       0       0       0       0
# Rows sent      0       0       0       0       0       0       0       0
# Rows examine   0       0       0       0       0       0       0       0
# Query size    15   4.70M      30      30      30      30       0      30
# String:
# Databases    isuride
# Hosts        localhost
# Users        isucon
# Query_time distribution
#   1us
#  10us  ################################################################
# 100us  #####
#   1ms  #
#  10ms  #
# 100ms  #
#    1s
#  10s+
administrator command: Prepare\G

# Query 5: 123.65 QPS, 0.17x concurrency, ID 0xA3B0C1486434871B20F519E77C3FD9E6 at byte 108722125
# This item is included in the report because it matches --limit.
# Scores: V/M = 0.00
# Time range: 2024-12-08T02:27:13 to 2024-12-08T02:28:18
# Attribute    pct   total     min     max     avg     95%  stddev  median
# ============ === ======= ======= ======= ======= ======= ======= =======
# Count          1    8037
# Exec time      2     11s   256us    28ms     1ms     4ms     1ms   490us
# Lock time      1     8ms       0   582us     1us     1us     6us     1us
# Rows sent      3   6.61k       0       1    0.84    0.99    0.36    0.99
# Rows examine  35   4.19M     528     566  546.34  563.87   18.94  537.02
# Query size     1 518.01k      66      66      66      66       0      66
# String:
# Databases    isuride
# Hosts        localhost
# Users        isucon
# Query_time distribution
#   1us
#  10us
# 100us  ################################################################
#   1ms  #####################################
#  10ms  #
# 100ms
#    1s
#  10s+
# Tables
#    SHOW TABLE STATUS FROM `isuride` LIKE 'coupons'\G
#    SHOW CREATE TABLE `isuride`.`coupons`\G
# EXPLAIN /*!50100 PARTITIONS*/
SELECT * FROM coupons WHERE used_by = '01JEJ1GQHVXJXBHW90YQMKN1WM'\G

# Query 6: 409.77 QPS, 0.11x concurrency, ID 0xDCA6B16A0FC65C799EB401CBD984EACF at byte 87217490
# This item is included in the report because it matches --limit.
# Scores: V/M = 0.00
# Time range: 2024-12-08T02:27:13 to 2024-12-08T02:28:18
# Attribute    pct   total     min     max     avg     95%  stddev  median
# ============ === ======= ======= ======= ======= ======= ======= =======
# Count          4   26635
# Exec time      1      7s    90us    14ms   260us   972us   453us   131us
# Lock time      6    32ms       0     4ms     1us     1us    25us     1us
# Rows sent     13  26.01k       1       1       1       1       0       1
# Rows examine   0  26.02k       1       3    1.00    0.99    0.02    0.99
# Query size     9   2.79M     110     110     110     110       0     110
# String:
# Databases    isuride
# Hosts        localhost
# Users        isucon
# Query_time distribution
#   1us
#  10us  #
# 100us  ################################################################
#   1ms  ###
#  10ms  #
# 100ms
#    1s
#  10s+
# Tables
#    SHOW TABLE STATUS FROM `isuride` LIKE 'ride_statuses'\G
#    SHOW CREATE TABLE `isuride`.`ride_statuses`\G
# EXPLAIN /*!50100 PARTITIONS*/
SELECT status FROM ride_statuses WHERE ride_id = '01JEJ1F9GT3Y1M8WE876VJR2KW' ORDER BY created_at DESC LIMIT 1\G

# Query 7: 343.51 QPS, 0.08x concurrency, ID 0x49D4717E21912CD8B13961B8248A27CF at byte 21912965
# This item is included in the report because it matches --limit.
# Scores: V/M = 0.00
# Time range: 2024-12-08T02:27:13 to 2024-12-08T02:28:18
# Attribute    pct   total     min     max     avg     95%  stddev  median
# ============ === ======= ======= ======= ======= ======= ======= =======
# Count          3   22328
# Exec time      1      5s    84us    11ms   234us   839us   383us   125us
# Lock time      7    36ms       0   792us     1us     1us    10us     1us
# Rows sent     11  21.80k       1       1       1       1       0       1
# Rows examine   0  21.80k       1       1       1       1       0       1
# Query size     7   2.30M     108     108     108     108       0     108
# String:
# Databases    isuride
# Hosts        localhost
# Users        isucon
# Query_time distribution
#   1us
#  10us  #
# 100us  ################################################################
#   1ms  ##
#  10ms  #
# 100ms
#    1s
#  10s+
# Tables
#    SHOW TABLE STATUS FROM `isuride` LIKE 'chairs'\G
#    SHOW CREATE TABLE `isuride`.`chairs`\G
# EXPLAIN /*!50100 PARTITIONS*/
SELECT * FROM chairs WHERE access_token = 'b5e4f48215bebbab7022ae794aa1b562a16aafea02c32ed3bf36f00d7eddcf59'\G

# Query 8: 341.82 QPS, 0.07x concurrency, ID 0xD8DAD8AC6EDE2238F17AC39B0009258F at byte 110465378
# This item is included in the report because it matches --limit.
# Scores: V/M = 0.00
# Time range: 2024-12-08T02:27:13 to 2024-12-08T02:28:18
# Attribute    pct   total     min     max     avg     95%  stddev  median
# ============ === ======= ======= ======= ======= ======= ======= =======
# Count          3   22218
# Exec time      1      5s    71us    10ms   204us   690us   345us   113us
# Lock time      5    26ms       0   597us     1us     1us     7us     1us
# Rows sent      9  17.34k       0       1    0.80    0.99    0.40    0.99
# Rows examine   0  17.34k       0       1    0.80    0.99    0.40    0.99
# Query size     6   2.08M      98      98      98      98       0      98
# String:
# Databases    isuride
# Hosts        localhost
# Users        isucon
# Query_time distribution
#   1us
#  10us  ######
# 100us  ################################################################
#   1ms  ##
#  10ms
# 100ms
#    1s
#  10s+
# Tables
#    SHOW TABLE STATUS FROM `isuride` LIKE 'rides'\G
#    SHOW CREATE TABLE `isuride`.`rides`\G
# EXPLAIN /*!50100 PARTITIONS*/
SELECT * FROM rides WHERE chair_id = '01JEJ1F8GSJVBVGSC0RPZJS1RE' ORDER BY updated_at DESC LIMIT 1\G

# Query 9: 165.33 QPS, 0.04x concurrency, ID 0x780A355BC10F6DC5B57B4BBCC1A9703E at byte 122782888
# This item is included in the report because it matches --limit.
# Scores: V/M = 0.00
# Time range: 2024-12-08T02:27:14 to 2024-12-08T02:28:18
# Attribute    pct   total     min     max     avg     95%  stddev  median
# ============ === ======= ======= ======= ======= ======= ======= =======
# Count          1   10581
# Exec time      0      3s    95us    10ms   263us   972us   438us   138us
# Lock time      1    10ms       0   352us       0     1us     3us     1us
# Rows sent      0     229       0       1    0.02       0    0.14       0
# Rows examine   0    1023       0       2    0.10    0.99    0.37       0
# Query size     4   1.31M     130     130     130     130       0     130
# String:
# Databases    isuride
# Hosts        localhost
# Users        isucon
# Query_time distribution
#   1us
#  10us  #
# 100us  ################################################################
#   1ms  ###
#  10ms  #
# 100ms
#    1s
#  10s+
# Tables
#    SHOW TABLE STATUS FROM `isuride` LIKE 'ride_statuses'\G
#    SHOW CREATE TABLE `isuride`.`ride_statuses`\G
# EXPLAIN /*!50100 PARTITIONS*/
SELECT * FROM ride_statuses WHERE ride_id = '01JEJ1GAMQDRP71YK2511RZAKK' AND chair_sent_at IS NULL ORDER BY created_at ASC LIMIT 1\G

# Query 10: 122.06 QPS, 0.04x concurrency, ID 0x5CAA8168B7B8D221E74FB978834E34B2 at byte 78951067
# This item is included in the report because it matches --limit.
# Scores: V/M = 0.00
# Time range: 2024-12-08T02:27:13 to 2024-12-08T02:28:18
# Attribute    pct   total     min     max     avg     95%  stddev  median
# ============ === ======= ======= ======= ======= ======= ======= =======
# Count          1    7934
# Exec time      0      2s   101us    10ms   303us     1ms   498us   144us
# Lock time      2    10ms       0     2ms     1us     1us    20us     1us
# Rows sent      0     229       0       1    0.03       0    0.17       0
# Rows examine   0  15.13k       1       6    1.95    3.89    0.88    1.96
# Query size     3 991.75k     128     128     128     128       0     128
# String:
# Databases    isuride
# Hosts        localhost
# Users        isucon
# Query_time distribution
#   1us
#  10us
# 100us  ################################################################
#   1ms  ####
#  10ms  #
# 100ms
#    1s
#  10s+
# Tables
#    SHOW TABLE STATUS FROM `isuride` LIKE 'ride_statuses'\G
#    SHOW CREATE TABLE `isuride`.`ride_statuses`\G
# EXPLAIN /*!50100 PARTITIONS*/
SELECT * FROM ride_statuses WHERE ride_id = '01JEJ1G6S83ES4XTF4JX8645NN' AND app_sent_at IS NULL ORDER BY created_at ASC LIMIT 1\G

# Query 11: 135.44 QPS, 0.04x concurrency, ID 0x9C1BE9A08595D62A208963461F89E6D8 at byte 100539939
# This item is included in the report because it matches --limit.
# Scores: V/M = 0.00
# Time range: 2024-12-08T02:27:14 to 2024-12-08T02:28:18
# Attribute    pct   total     min     max     avg     95%  stddev  median
# ============ === ======= ======= ======= ======= ======= ======= =======
# Count          1    8668
# Exec time      0      2s    93us     7ms   268us   972us   447us   138us
# Lock time      1     8ms       0   447us       0     1us     5us     1us
# Rows sent     15  28.89k       1       6    3.41    5.75    1.77    1.96
# Rows examine   0  28.89k       1       6    3.41    5.75    1.77    1.96
# Query size     2 778.77k      92      92      92      92       0      92
# String:
# Databases    isuride
# Hosts        localhost
# Users        isucon
# Query_time distribution
#   1us
#  10us  #
# 100us  ################################################################
#   1ms  ###
#  10ms
# 100ms
#    1s
#  10s+
# Tables
#    SHOW TABLE STATUS FROM `isuride` LIKE 'ride_statuses'\G
#    SHOW CREATE TABLE `isuride`.`ride_statuses`\G
# EXPLAIN /*!50100 PARTITIONS*/
SELECT * FROM ride_statuses WHERE ride_id = '01JEJ1G6XPJYCGA51GZ80PRXBS' ORDER BY created_at\G
