
# 31s user time, 70ms system time, 33.06M rss, 39.30M vsz
# Current date: Mon Dec  9 16:53:23 2024
# Hostname: ip-192-168-0-12
# Files: /var/log/mysql/mysql-slow.log
# Overall: 411.34k total, 135 unique, 705.55 QPS, 0.50x concurrency ______
# Time range: 2024-12-09T16:43:39 to 2024-12-09T16:53:22
# Attribute          total     min     max     avg     95%  stddev  median
# ============     ======= ======= ======= ======= ======= ======= =======
# Exec time           290s     2us   511ms   705us     2ms     5ms   152us
# Lock time             5s       0   157ms    11us     1us   714us     1us
# Rows sent        553.59k       0  20.71k    1.38    5.75   33.67    0.99
# Rows examine      21.28M       0  41.42k   54.25  652.75  220.83    0.99
# Query size        33.55M       6 1011.33k   85.52  124.25   2.45k   92.72

# Profile
# Rank Query ID                            Response time Calls R/Call V/M 
# ==== =================================== ============= ===== ====== ====
#    1 0xFFFCA4D67EA0A788813031B8BBC3B329  69.3263 23.9% 60331 0.0011  0.01 COMMIT
#    2 0x172F25C01059578EA9ADF775DD97B517  64.9370 22.4%   738 0.0880  0.03 SELECT ride_statuses rides ride_statuses
#    3 0xE13EB9FE8E585FDE0A4C67FEB1D9D015  34.6128 11.9% 10189 0.0034  0.00 SELECT rides
#    4 0xDCA6B16A0FC65C799EB401CBD984EACF  18.1766  6.3% 54966 0.0003  0.00 SELECT ride_statuses
#    5 0xA3B0C1486434871B20F519E77C3FD9E6  18.0807  6.2% 11954 0.0015  0.00 SELECT coupons
#    6 0xD8DAD8AC6EDE2238F17AC39B0009258F  14.5389  5.0% 48924 0.0003  0.00 SELECT rides
#    7 0x49D4717E21912CD8B13961B8248A27CF  14.4052  5.0% 49850 0.0003  0.00 SELECT chairs
#    8 0x9C1BE9A08595D62A208963461F89E6D8   8.5748  3.0% 26438 0.0003  0.00 SELECT ride_statuses
#    9 0x5CAA8168B7B8D221E74FB978834E34B2   4.2366  1.5% 10189 0.0004  0.00 SELECT ride_statuses
#   10 0x780A355BC10F6DC5B57B4BBCC1A9703E   3.5188  1.2% 10497 0.0003  0.00 SELECT ride_statuses
#   11 0xDA53740BFC6EFE80C82E6DACE52D86FD   2.6976  0.9%    90 0.0300  0.02 SELECT rides ride_statuses
#   12 0xEA001BE95AEC4D5ADE8560ED11FDEDFF   2.6695  0.9%  7735 0.0003  0.00 SELECT rides
#   13 0xE7AB668DE937457E0A7E2ACD36EEE101   2.5863  0.9%  2340 0.0011  0.02 UPDATE ride_statuses
#   14 0xF7AA78CED19E80953A6C54054F4089B2   2.5807  0.9%  2350 0.0011  0.03 UPDATE ride_statuses
#   15 0xDB862F633DEA18D750C8371D2E984DDF   2.4670  0.8% 13096 0.0002  0.01 SELECT users
#   16 0xFAB1755BD4E9CE87C5FE1E9D6E43EC40   2.1290  0.7%   741 0.0029  0.00 SELECT rides
#   17 0x9E2DA589A20EC24C34E11DDE0FBF5564   1.9613  0.7% 62980 0.0000  0.00 START
#   18 0x81419520B08C9688CC6AB9C44F11C9E6   1.8762  0.6%   182 0.0103  0.00 INSERT payment_tokens
#   19 0xA8AB6DA329E391A212D0E51BED4B3EDE   1.8322  0.6%   738 0.0025  0.00 SELECT chairs
#   20 0x0956F622BA3E7E31F3E1527A61FD7F1E   1.7404  0.6%  2242 0.0008  0.00 SELECT rides ride_statuses
# MISC 0xMISC                              17.3856  6.0% 34768 0.0005   0.0 <115 ITEMS>

# Query 1: 928.17 QPS, 1.07x concurrency, ID 0xFFFCA4D67EA0A788813031B8BBC3B329 at byte 113187133
# This item is included in the report because it matches --limit.
# Scores: V/M = 0.01
# Time range: 2024-12-09T16:50:45 to 2024-12-09T16:51:50
# Attribute    pct   total     min     max     avg     95%  stddev  median
# ============ === ======= ======= ======= ======= ======= ======= =======
# Count         14   60331
# Exec time     23     69s    17us    55ms     1ms     9ms     3ms    33us
# Lock time      0       0       0       0       0       0       0       0
# Rows sent      0       0       0       0       0       0       0       0
# Rows examine   0       0       0       0       0       0       0       0
# Query size     1 353.50k       6       6       6       6       0       6
# String:
# Databases    isuride
# Hosts        ip-192-168-0-11.ap-northeast-1.compute.inter...
# Users        isucon
# Query_time distribution
#   1us
#  10us  ################################################################
# 100us  #
#   1ms  #####
#  10ms  ###
# 100ms
#    1s
#  10s+
COMMIT\G

# Query 2: 12.10 QPS, 1.06x concurrency, ID 0x172F25C01059578EA9ADF775DD97B517 at byte 117933924
# This item is included in the report because it matches --limit.
# Scores: V/M = 0.03
# Time range: 2024-12-09T16:50:45 to 2024-12-09T16:51:46
# Attribute    pct   total     min     max     avg     95%  stddev  median
# ============ === ======= ======= ======= ======= ======= ======= =======
# Count          0     738
# Exec time     22     65s     1ms   281ms    88ms   171ms    48ms    78ms
# Lock time      0     4ms     1us     1ms     4us     2us    46us     1us
# Rows sent     19 109.33k       0     427  151.71  381.65  124.23  102.22
# Rows examine   4   1.04M      84   2.73k   1.45k   2.62k  954.78   1.78k
# Query size     4   1.35M     920   3.95k   1.87k   3.52k  955.29   1.46k
# String:
# Databases    isuride
# Hosts        ip-192-168-0-11.ap-northeast-1.compute.inter...
# Users        isucon
# Query_time distribution
#   1us
#  10us
# 100us
#   1ms  #
#  10ms  ################################################################
# 100ms  ##########################################
#    1s
#  10s+
# Tables
#    SHOW TABLE STATUS FROM `isuride` LIKE 'ride_statuses'\G
#    SHOW CREATE TABLE `isuride`.`ride_statuses`\G
#    SHOW TABLE STATUS FROM `isuride` LIKE 'rides'\G
#    SHOW CREATE TABLE `isuride`.`rides`\G
# EXPLAIN /*!50100 PARTITIONS*/
SELECT r.chair_id AS chair_id, rs.status AS status FROM ride_statuses rs LEFT JOIN rides r ON rs.ride_id = r.id INNER JOIN (SELECT ride_id, MAX(created_at) AS max_created_at FROM ride_statuses GROUP BY ride_id) latest_rs ON rs.ride_id = latest_rs.ride_id AND rs.created_at = latest_rs.max_created_at WHERE r.chair_id IN ('01JEP595K4Z6HS1AX3XEMW1N04', '01JEP595KE9YARHEGFJ6VBDV02', '01JEP595KTZ8HFVFE2ZSMN6FR3', '01JEP595M5Z30FEKNQ45TXDA3H', '01JEP595NCGYHXG6MAEXPBSC22', '01JEP595NP9TQBDNJRSP683J84', '01JEP595P0C0EG2GF0T0KK3PNP', '01JEP595PA9STBAWPGXQAYJMNQ', '01JEP595QFZKFK1YDQ4ZGV96Y9', '01JEP595QTSZN1P6T23JD3N5R6', '01JEP595R38NPCADZN73GZS3N4', '01JEP595RDCFC0Q9AFV3BT6HF3', '01JEP595SKARQRKEF9NF3794Z9', '01JEP595SXMRZVEC25CVT3109E', '01JEP595T64JSDCX888YHHJF8H', '01JEP595THF9QGN7KEJFYCFV3H', '01JEP595VP6ZFGHSWB8SRVJRKK', '01JEP595W029RNJZMHDEQ6CNGR', '01JEP595W9ZMDH0H37R1WGACEK', '01JEP595WMPZVZ37H8TJ1Z20GT'/*... omitted 94 items ...*/)\G

# Query 3: 159.20 QPS, 0.54x concurrency, ID 0xE13EB9FE8E585FDE0A4C67FEB1D9D015 at byte 96111555
# This item is included in the report because it matches --limit.
# Scores: V/M = 0.00
# Time range: 2024-12-09T16:50:46 to 2024-12-09T16:51:50
# Attribute    pct   total     min     max     avg     95%  stddev  median
# ============ === ======= ======= ======= ======= ======= ======= =======
# Count          2   10189
# Exec time     11     35s   482us    30ms     3ms     9ms     3ms     2ms
# Lock time      0    16ms       0   667us     1us     1us    10us     1us
# Rows sent      1   9.95k       1       1       1       1       0       1
# Rows examine  45   9.61M     760   1.16k  988.51   1.14k  127.38  964.41
# Query size     2 965.17k      97      97      97      97       0      97
# String:
# Databases    isuride
# Hosts        ip-192-168-0-11.ap-northeast-1.compute.inter...
# Users        isucon
# Query_time distribution
#   1us
#  10us
# 100us  ####
#   1ms  ################################################################
#  10ms  ###
# 100ms
#    1s
#  10s+
# Tables
#    SHOW TABLE STATUS FROM `isuride` LIKE 'rides'\G
#    SHOW CREATE TABLE `isuride`.`rides`\G
# EXPLAIN /*!50100 PARTITIONS*/
SELECT * FROM rides WHERE user_id = '01JEP59BQBYNVC7Y7MGBM4AQQT' ORDER BY created_at DESC LIMIT 1\G

# Query 4: 845.63 QPS, 0.28x concurrency, ID 0xDCA6B16A0FC65C799EB401CBD984EACF at byte 113192790
# This item is included in the report because it matches --limit.
# Scores: V/M = 0.00
# Time range: 2024-12-09T16:50:45 to 2024-12-09T16:51:50
# Attribute    pct   total     min     max     avg     95%  stddev  median
# ============ === ======= ======= ======= ======= ======= ======= =======
# Count         13   54966
# Exec time      6     18s   105us    45ms   330us   972us   851us   176us
# Lock time      1    83ms       0     3ms     1us     1us    19us     1us
# Rows sent      9  53.68k       1       1       1       1       0       1
# Rows examine   0  53.73k       1       5    1.00    0.99    0.05    0.99
# Query size    17   5.77M     110     110     110     110       0     110
# String:
# Databases    isuride
# Hosts        ip-192-168-0-11.ap-northeast-1.compute.inter...
# Users        isucon
# Query_time distribution
#   1us
#  10us
# 100us  ################################################################
#   1ms  ###
#  10ms  #
# 100ms
#    1s
#  10s+
# Tables
#    SHOW TABLE STATUS FROM `isuride` LIKE 'ride_statuses'\G
#    SHOW CREATE TABLE `isuride`.`ride_statuses`\G
# EXPLAIN /*!50100 PARTITIONS*/
SELECT status FROM ride_statuses WHERE ride_id = '01JEP5APDPR0EEN7V0FK66RMTZ' ORDER BY created_at DESC LIMIT 1\G

# Query 5: 183.91 QPS, 0.28x concurrency, ID 0xA3B0C1486434871B20F519E77C3FD9E6 at byte 113212204
# This item is included in the report because it matches --limit.
# Scores: V/M = 0.00
# Time range: 2024-12-09T16:50:45 to 2024-12-09T16:51:50
# Attribute    pct   total     min     max     avg     95%  stddev  median
# ============ === ======= ======= ======= ======= ======= ======= =======
# Count          2   11954
# Exec time      6     18s   259us    16ms     2ms     4ms     2ms   725us
# Lock time      0    16ms       0     1ms     1us     1us    10us     1us
# Rows sent      1   7.09k       0       1    0.61    0.99    0.48    0.99
# Rows examine  37   8.06M     528     796  707.40  793.42   68.36  685.39
# Query size     2 770.47k      66      66      66      66       0      66
# String:
# Databases    isuride
# Hosts        ip-192-168-0-11.ap-northeast-1.compute.inter...
# Users        isucon
# Query_time distribution
#   1us
#  10us
# 100us  ################################################################
#   1ms  #############################################
#  10ms  #
# 100ms
#    1s
#  10s+
# Tables
#    SHOW TABLE STATUS FROM `isuride` LIKE 'coupons'\G
#    SHOW CREATE TABLE `isuride`.`coupons`\G
# EXPLAIN /*!50100 PARTITIONS*/
SELECT * FROM coupons WHERE used_by = '01JEP59RBT7XZ3F7BJVSBTZRTX'\G

# Query 6: 752.68 QPS, 0.22x concurrency, ID 0xD8DAD8AC6EDE2238F17AC39B0009258F at byte 96176807
# This item is included in the report because it matches --limit.
# Scores: V/M = 0.00
# Time range: 2024-12-09T16:50:45 to 2024-12-09T16:51:50
# Attribute    pct   total     min     max     avg     95%  stddev  median
# ============ === ======= ======= ======= ======= ======= ======= =======
# Count         11   48924
# Exec time      5     15s    98us    37ms   297us   799us   753us   167us
# Lock time      1    81ms       0     2ms     1us     1us    16us     1us
# Rows sent      8  45.95k       0       1    0.96    0.99    0.19    0.99
# Rows examine   0  45.95k       0       1    0.96    0.99    0.19    0.99
# Query size    13   4.57M      98      98      98      98       0      98
# String:
# Databases    isuride
# Hosts        ip-192-168-0-11.ap-northeast-1.compute.inter...
# Users        isucon
# Query_time distribution
#   1us
#  10us  #
# 100us  ################################################################
#   1ms  ##
#  10ms  #
# 100ms
#    1s
#  10s+
# Tables
#    SHOW TABLE STATUS FROM `isuride` LIKE 'rides'\G
#    SHOW CREATE TABLE `isuride`.`rides`\G
# EXPLAIN /*!50100 PARTITIONS*/
SELECT * FROM rides WHERE chair_id = '01JEP595QFZKFK1YDQ4ZGV96Y9' ORDER BY updated_at DESC LIMIT 1\G

# Query 7: 766.92 QPS, 0.22x concurrency, ID 0x49D4717E21912CD8B13961B8248A27CF at byte 3739836
# This item is included in the report because it matches --limit.
# Scores: V/M = 0.00
# Time range: 2024-12-09T16:50:45 to 2024-12-09T16:51:50
# Attribute    pct   total     min     max     avg     95%  stddev  median
# ============ === ======= ======= ======= ======= ======= ======= =======
# Count         12   49850
# Exec time      4     14s   100us    56ms   288us   925us   866us   159us
# Lock time      2   139ms       0     5ms     2us     1us    45us     1us
# Rows sent      8  48.68k       1       1       1       1       0       1
# Rows examine   0  48.68k       1       1       1       1       0       1
# Query size    15   5.13M     108     108     108     108       0     108
# String:
# Databases    isuride
# Hosts        ip-192-168-0-11.ap-northeast-1.compute.inter...
# Users        isucon
# Query_time distribution
#   1us
#  10us
# 100us  ################################################################
#   1ms  ###
#  10ms  #
# 100ms
#    1s
#  10s+
# Tables
#    SHOW TABLE STATUS FROM `isuride` LIKE 'chairs'\G
#    SHOW CREATE TABLE `isuride`.`chairs`\G
# EXPLAIN /*!50100 PARTITIONS*/
SELECT * FROM chairs WHERE access_token = '73a67216e0ba8c0f64ebbfef250ce88c5e7c0c3627f51649feba32547ce10dd6'\G

# Query 8: 413.09 QPS, 0.13x concurrency, ID 0x9C1BE9A08595D62A208963461F89E6D8 at byte 113140597
# This item is included in the report because it matches --limit.
# Scores: V/M = 0.00
# Time range: 2024-12-09T16:50:46 to 2024-12-09T16:51:50
# Attribute    pct   total     min     max     avg     95%  stddev  median
# ============ === ======= ======= ======= ======= ======= ======= =======
# Count          6   26438
# Exec time      2      9s   105us    45ms   324us   972us   682us   194us
# Lock time      0    45ms       0     3ms     1us     1us    27us     1us
# Rows sent     23 130.07k       1       6    5.04    5.75    1.57    5.75
# Rows examine   0 130.07k       1       6    5.04    5.75    1.57    5.75
# Query size     6   2.32M      92      92      92      92       0      92
# String:
# Databases    isuride
# Hosts        ip-192-168-0-11.ap-northeast-1.compute.inter...
# Users        isucon
# Query_time distribution
#   1us
#  10us
# 100us  ################################################################
#   1ms  ###
#  10ms  #
# 100ms
#    1s
#  10s+
# Tables
#    SHOW TABLE STATUS FROM `isuride` LIKE 'ride_statuses'\G
#    SHOW CREATE TABLE `isuride`.`ride_statuses`\G
# EXPLAIN /*!50100 PARTITIONS*/
SELECT * FROM ride_statuses WHERE ride_id = '01JEP5AK3MKJYS7496J3HNCZ07' ORDER BY created_at\G

# Query 9: 159.20 QPS, 0.07x concurrency, ID 0x5CAA8168B7B8D221E74FB978834E34B2 at byte 113170820
# This item is included in the report because it matches --limit.
# Scores: V/M = 0.00
# Time range: 2024-12-09T16:50:46 to 2024-12-09T16:51:50
# Attribute    pct   total     min     max     avg     95%  stddev  median
# ============ === ======= ======= ======= ======= ======= ======= =======
# Count          2   10189
# Exec time      1      4s   127us    40ms   415us     1ms   976us   194us
# Lock time      0    14ms       0     2ms     1us     1us    19us     1us
# Rows sent      0   2.29k       0       1    0.23    0.99    0.42       0
# Rows examine   0  23.27k       1       6    2.34    4.96    1.35    1.96
# Query size     3   1.24M     128     128     128     128       0     128
# String:
# Databases    isuride
# Hosts        ip-192-168-0-11.ap-northeast-1.compute.inter...
# Users        isucon
# Query_time distribution
#   1us
#  10us
# 100us  ################################################################
#   1ms  #####
#  10ms  #
# 100ms
#    1s
#  10s+
# Tables
#    SHOW TABLE STATUS FROM `isuride` LIKE 'ride_statuses'\G
#    SHOW CREATE TABLE `isuride`.`ride_statuses`\G
# EXPLAIN /*!50100 PARTITIONS*/
SELECT * FROM ride_statuses WHERE ride_id = '01JEP5AJTMCRBMBNTHW8TE7BM2' AND app_sent_at IS NULL ORDER BY created_at ASC LIMIT 1\G

# Query 10: 164.02 QPS, 0.05x concurrency, ID 0x780A355BC10F6DC5B57B4BBCC1A9703E at byte 113137093
# This item is included in the report because it matches --limit.
# Scores: V/M = 0.00
# Time range: 2024-12-09T16:50:46 to 2024-12-09T16:51:50
# Attribute    pct   total     min     max     avg     95%  stddev  median
# ============ === ======= ======= ======= ======= ======= ======= =======
# Count          2   10497
# Exec time      1      4s   116us    43ms   335us   972us   856us   185us
# Lock time      0    15ms       0   780us     1us     1us    13us     1us
# Rows sent      0   2.29k       0       1    0.22    0.99    0.41       0
# Rows examine   0   3.05k       0       5    0.30    0.99    0.55       0
# Query size     3   1.30M     130     130     130     130       0     130
# String:
# Databases    isuride
# Hosts        ip-192-168-0-11.ap-northeast-1.compute.inter...
# Users        isucon
# Query_time distribution
#   1us
#  10us
# 100us  ################################################################
#   1ms  ###
#  10ms  #
# 100ms
#    1s
#  10s+
# Tables
#    SHOW TABLE STATUS FROM `isuride` LIKE 'ride_statuses'\G
#    SHOW CREATE TABLE `isuride`.`ride_statuses`\G
# EXPLAIN /*!50100 PARTITIONS*/
SELECT * FROM ride_statuses WHERE ride_id = '01JEP5AKFPEEJSQWJ9ZWA3QDTS' AND chair_sent_at IS NULL ORDER BY created_at ASC LIMIT 1\G

# Query 11: 1.50 QPS, 0.04x concurrency, ID 0xDA53740BFC6EFE80C82E6DACE52D86FD at byte 124754231
# This item is included in the report because it matches --limit.
# Scores: V/M = 0.02
# Time range: 2024-12-09T16:50:46 to 2024-12-09T16:51:46
# Attribute    pct   total     min     max     avg     95%  stddev  median
# ============ === ======= ======= ======= ======= ======= ======= =======
# Count          0      90
# Exec time      0      3s   882us   125ms    30ms    71ms    24ms    24ms
# Lock time      0   181us     1us     3us     2us     2us       0     1us
# Rows sent      0   4.03k       0      78   45.83   65.89   19.54   51.63
# Rows examine   0   4.03k       0      78   45.83   65.89   19.54   51.63
# Query size     0 188.91k     873   3.90k   2.10k   3.69k  975.36   1.96k
# String:
# Databases    isuride
# Hosts        ip-192-168-0-11.ap-northeast-1.compute.inter...
# Users        isucon
# Query_time distribution
#   1us
#  10us
# 100us  #
#   1ms  ####################
#  10ms  ################################################################
# 100ms  #
#    1s
#  10s+
# Tables
#    SHOW TABLE STATUS FROM `isuride` LIKE 'rides'\G
#    SHOW CREATE TABLE `isuride`.`rides`\G
#    SHOW TABLE STATUS FROM `isuride` LIKE 'ride_statuses'\G
#    SHOW CREATE TABLE `isuride`.`ride_statuses`\G
# EXPLAIN /*!50100 PARTITIONS*/
SELECT chair_id, COUNT(*) = 0 AS is_empty FROM (SELECT chair_id, COUNT(chair_sent_at) = 6 AS completed FROM rides AS r LEFT JOIN ride_statuses AS rs ON rs.ride_id = r.id WHERE r.chair_id IN ('01JEP595K4Z6HS1AX3XEMW1N04', '01JEP595KE9YARHEGFJ6VBDV02', '01JEP595KTZ8HFVFE2ZSMN6FR3', '01JEP595M5Z30FEKNQ45TXDA3H', '01JEP595NCGYHXG6MAEXPBSC22', '01JEP595NP9TQBDNJRSP683J84', '01JEP595P0C0EG2GF0T0KK3PNP', '01JEP595PA9STBAWPGXQAYJMNQ', '01JEP595QFZKFK1YDQ4ZGV96Y9', '01JEP595QTSZN1P6T23JD3N5R6', '01JEP595R38NPCADZN73GZS3N4', '01JEP595RDCFC0Q9AFV3BT6HF3', '01JEP595SKARQRKEF9NF3794Z9', '01JEP595SXMRZVEC25CVT3109E', '01JEP595T64JSDCX888YHHJF8H', '01JEP595THF9QGN7KEJFYCFV3H', '01JEP595VP6ZFGHSWB8SRVJRKK', '01JEP595W029RNJZMHDEQ6CNGR', '01JEP595W9ZMDH0H37R1WGACEK', '01JEP595WMPZVZ37H8TJ1Z20GT'/*... omitted 103 items ...*/) GROUP BY ride_id, chair_id) is_completed WHERE completed = FALSE GROUP BY chair_id\G

# Query 12: 120.86 QPS, 0.04x concurrency, ID 0xEA001BE95AEC4D5ADE8560ED11FDEDFF at byte 90435891
# This item is included in the report because it matches --limit.
# Scores: V/M = 0.00
# Time range: 2024-12-09T16:50:46 to 2024-12-09T16:51:50
# Attribute    pct   total     min     max     avg     95%  stddev  median
# ============ === ======= ======= ======= ======= ======= ======= =======
# Count          1    7735
# Exec time      0      3s   102us    24ms   345us     1ms   754us   185us
# Lock time      0    11ms       0   645us     1us     1us    10us     1us
# Rows sent      4  25.82k       1      14    3.42    7.70    2.38    2.90
# Rows examine   0  25.82k       1      14    3.42    7.70    2.38    2.90
# Query size     1 679.83k      90      90      90      90       0      90
# String:
# Databases    isuride
# Hosts        ip-192-168-0-11.ap-northeast-1.compute.inter...
# Users        isucon
# Query_time distribution
#   1us
#  10us
# 100us  ################################################################
#   1ms  ###
#  10ms  #
# 100ms
#    1s
#  10s+
# Tables
#    SHOW TABLE STATUS FROM `isuride` LIKE 'rides'\G
#    SHOW CREATE TABLE `isuride`.`rides`\G
# EXPLAIN /*!50100 PARTITIONS*/
SELECT * FROM rides WHERE chair_id = '01JEP595WMPZVZ37H8TJ1Z20GT' ORDER BY updated_at DESC\G

# Query 13: 39 QPS, 0.04x concurrency, ID 0xE7AB668DE937457E0A7E2ACD36EEE101 at byte 95213723
# This item is included in the report because it matches --limit.
# Scores: V/M = 0.02
# Time range: 2024-12-09T16:50:46 to 2024-12-09T16:51:46
# Attribute    pct   total     min     max     avg     95%  stddev  median
# ============ === ======= ======= ======= ======= ======= ======= =======
# Count          0    2340
# Exec time      0      3s   127us    92ms     1ms     3ms     5ms   185us
# Lock time     34      2s       0    92ms   682us    14us     5ms     1us
# Rows sent      0       0       0       0       0       0       0       0
# Rows examine   0   2.29k       1       1       1       1       0       1
# Query size     0 226.23k      99      99      99      99       0      99
# String:
# Databases    isuride
# Hosts        ip-192-168-0-11.ap-northeast-1.compute.inter...
# Users        isucon
# Query_time distribution
#   1us
#  10us
# 100us  ################################################################
#   1ms  ######
#  10ms  ##
# 100ms
#    1s
#  10s+
# Tables
#    SHOW TABLE STATUS FROM `isuride` LIKE 'ride_statuses'\G
#    SHOW CREATE TABLE `isuride`.`ride_statuses`\G
UPDATE ride_statuses SET app_sent_at = CURRENT_TIMESTAMP(6) WHERE id = '01JEP5AJKFNGJNK0ZYA9TYR88D'\G
# Converted for EXPLAIN
# EXPLAIN /*!50100 PARTITIONS*/
select  app_sent_at = CURRENT_TIMESTAMP(6) from ride_statuses where  id = '01JEP5AJKFNGJNK0ZYA9TYR88D'\G

# Query 14: 39.17 QPS, 0.04x concurrency, ID 0xF7AA78CED19E80953A6C54054F4089B2 at byte 90520139
# This item is included in the report because it matches --limit.
# Scores: V/M = 0.03
# Time range: 2024-12-09T16:50:46 to 2024-12-09T16:51:46
# Attribute    pct   total     min     max     avg     95%  stddev  median
# ============ === ======= ======= ======= ======= ======= ======= =======
# Count          0    2350
# Exec time      0      3s   139us   157ms     1ms     3ms     5ms   224us
# Lock time     29      1s       0   157ms   578us     1us     5ms     1us
# Rows sent      0       0       0       0       0       0       0       0
# Rows examine   0   2.29k       1       1       1       1       0       1
# Query size     0 231.79k     101     101     101     101       0     101
# String:
# Databases    isuride
# Hosts        ip-192-168-0-11.ap-northeast-1.compute.inter...
# Users        isucon
# Query_time distribution
#   1us
#  10us
# 100us  ################################################################
#   1ms  #######
#  10ms  #
# 100ms  #
#    1s
#  10s+
# Tables
#    SHOW TABLE STATUS FROM `isuride` LIKE 'ride_statuses'\G
#    SHOW CREATE TABLE `isuride`.`ride_statuses`\G
UPDATE ride_statuses SET chair_sent_at = CURRENT_TIMESTAMP(6) WHERE id = '01JEP5AGH8P9Q7DNDM1282Y4S8'\G
# Converted for EXPLAIN
# EXPLAIN /*!50100 PARTITIONS*/
select  chair_sent_at = CURRENT_TIMESTAMP(6) from ride_statuses where  id = '01JEP5AGH8P9Q7DNDM1282Y4S8'\G

# Query 15: 201.48 QPS, 0.04x concurrency, ID 0xDB862F633DEA18D750C8371D2E984DDF at byte 3733207
# This item is included in the report because it matches --limit.
# Scores: V/M = 0.01
# Time range: 2024-12-09T16:50:45 to 2024-12-09T16:51:50
# Attribute    pct   total     min     max     avg     95%  stddev  median
# ============ === ======= ======= ======= ======= ======= ======= =======
# Count          3   13096
# Exec time      0      2s    80us    51ms   188us   224us     1ms   119us
# Lock time      0    30ms       0     1ms     2us     1us    21us     1us
# Rows sent      2  12.79k       1       1       1       1       0       1
# Rows examine   0  12.79k       1       1       1       1       0       1
# Query size     3   1.34M     107     107     107     107       0     107
# String:
# Databases    isuride
# Hosts        ip-192-168-0-11.ap-northeast-1.compute.inter...
# Users        isucon
# Query_time distribution
#   1us
#  10us  ##
# 100us  ################################################################
#   1ms  #
#  10ms  #
# 100ms
#    1s
#  10s+
# Tables
#    SHOW TABLE STATUS FROM `isuride` LIKE 'users'\G
#    SHOW CREATE TABLE `isuride`.`users`\G
# EXPLAIN /*!50100 PARTITIONS*/
SELECT * FROM users WHERE access_token = '36cb162ed20410667e0403d2914e0ad6cbfcde631055eb2faeae2a88a1ab0edd'\G

# Query 16: 12.35 QPS, 0.04x concurrency, ID 0xFAB1755BD4E9CE87C5FE1E9D6E43EC40 at byte 24229920
# This item is included in the report because it matches --limit.
# Scores: V/M = 0.00
# Time range: 2024-12-09T16:50:45 to 2024-12-09T16:51:45
# Attribute    pct   total     min     max     avg     95%  stddev  median
# ============ === ======= ======= ======= ======= ======= ======= =======
# Count          0     741
# Exec time      0      2s   502us    19ms     3ms     8ms     3ms     2ms
# Lock time      0   965us       0    15us     1us     1us     1us     1us
# Rows sent      0     963       0       8    1.30    4.96    1.60    0.99
# Rows examine   3 661.39k     750   1.16k  913.99   1.09k  121.35  874.75
# Query size     0  64.40k      89      89      89      89       0      89
# String:
# Databases    isuride
# Hosts        ip-192-168-0-11.ap-northeast-1.compute.inter...
# Users        isucon
# Query_time distribution
#   1us
#  10us
# 100us  ###########
#   1ms  ################################################################
#  10ms  ##
# 100ms
#    1s
#  10s+
# Tables
#    SHOW TABLE STATUS FROM `isuride` LIKE 'rides'\G
#    SHOW CREATE TABLE `isuride`.`rides`\G
# EXPLAIN /*!50100 PARTITIONS*/
SELECT * FROM rides WHERE user_id = '01JEP59MGW82PV7VSW09ZKATGK' ORDER BY created_at DESC\G

# Query 17: 968.92 QPS, 0.03x concurrency, ID 0x9E2DA589A20EC24C34E11DDE0FBF5564 at byte 56886302
# This item is included in the report because it matches --limit.
# Scores: V/M = 0.00
# Time range: 2024-12-09T16:50:45 to 2024-12-09T16:51:50
# Attribute    pct   total     min     max     avg     95%  stddev  median
# ============ === ======= ======= ======= ======= ======= ======= =======
# Count         15   62980
# Exec time      0      2s    11us     6ms    31us    40us    82us    23us
# Lock time      0       0       0       0       0       0       0       0
# Rows sent      0       0       0       0       0       0       0       0
# Rows examine   0       0       0       0       0       0       0       0
# Query size     3   1.02M      17      17      17      17       0      17
# String:
# Databases    isuride
# Hosts        ip-192-168-0-11.ap-northeast-1.compute.inter...
# Users        isucon
# Query_time distribution
#   1us
#  10us  ################################################################
# 100us  #
#   1ms  #
#  10ms
# 100ms
#    1s
#  10s+
START TRANSACTION\G

# Query 18: 3.03 QPS, 0.03x concurrency, ID 0x81419520B08C9688CC6AB9C44F11C9E6 at byte 3762633
# This item is included in the report because it matches --limit.
# Scores: V/M = 0.00
# Time range: 2024-12-09T16:50:45 to 2024-12-09T16:51:45
# Attribute    pct   total     min     max     avg     95%  stddev  median
# ============ === ======= ======= ======= ======= ======= ======= =======
# Count          0     182
# Exec time      0      2s     5ms    64ms    10ms    14ms     6ms     9ms
# Lock time      0   300us     1us     7us     1us     1us       0     1us
# Rows sent      0       0       0       0       0       0       0       0
# Rows examine   0       0       0       0       0       0       0       0
# Query size     0  32.88k     185     185     185     185       0     185
# String:
# Databases    isuride
# Hosts        ip-192-168-0-11.ap-northeast-1.compute.inter...
# Users        isucon
# Query_time distribution
#   1us
#  10us
# 100us
#   1ms  ################################################################
#  10ms  #########################################################
# 100ms
#    1s
#  10s+
# Tables
#    SHOW TABLE STATUS FROM `isuride` LIKE 'payment_tokens'\G
#    SHOW CREATE TABLE `isuride`.`payment_tokens`\G
INSERT INTO payment_tokens (user_id, token) VALUES ('01JEP5963XMV9DNBMY56PCH9AK', 'GbyKMyrXgZIMYgnNQoyBcJbFNLWilRArEDJrDAhAQsoorudZKiQQWeYuNifMIEgKLtJclmjlpDHavZeYjnExhzpALlpiRZrRXZdB')\G

# Query 19: 12.10 QPS, 0.03x concurrency, ID 0xA8AB6DA329E391A212D0E51BED4B3EDE at byte 96262222
# This item is included in the report because it matches --limit.
# Scores: V/M = 0.00
# Time range: 2024-12-09T16:50:45 to 2024-12-09T16:51:46
# Attribute    pct   total     min     max     avg     95%  stddev  median
# ============ === ======= ======= ======= ======= ======= ======= =======
# Count          0     738
# Exec time      0      2s   398us    25ms     2ms     7ms     2ms     1ms
# Lock time      0     1ms       0   312us     1us     1us    11us     1us
# Rows sent      6  38.39k      20     124   53.26  112.70   31.77   40.45
# Rows examine   1 398.82k     520     626  553.37  592.07   32.47  537.02
# Query size     0  30.99k      43      43      43      43       0      43
# String:
# Databases    isuride
# Hosts        ip-192-168-0-11.ap-northeast-1.compute.inter...
# Users        isucon
# Query_time distribution
#   1us
#  10us
# 100us  ###################################
#   1ms  ################################################################
#  10ms  #
# 100ms
#    1s
#  10s+
# Tables
#    SHOW TABLE STATUS FROM `isuride` LIKE 'chairs'\G
#    SHOW CREATE TABLE `isuride`.`chairs`\G
# EXPLAIN /*!50100 PARTITIONS*/
SELECT * FROM chairs WHERE is_active = true\G

# Query 20: 37.37 QPS, 0.03x concurrency, ID 0x0956F622BA3E7E31F3E1527A61FD7F1E at byte 43893060
# This item is included in the report because it matches --limit.
# Scores: V/M = 0.00
# Time range: 2024-12-09T16:50:45 to 2024-12-09T16:51:45
# Attribute    pct   total     min     max     avg     95%  stddev  median
# ============ === ======= ======= ======= ======= ======= ======= =======
# Count          0    2242
# Exec time      0      2s   122us    29ms   776us     3ms     1ms   348us
# Lock time      0     6ms       0     1ms     2us     1us    37us     1us
# Rows sent      0   4.94k       0      13    2.26    6.98    2.25    1.96
# Rows examine   0  39.38k       0      95   17.99   46.83   16.10   13.83
# Query size     1 533.27k     240     244  243.56  234.30       0  234.30
# String:
# Databases    isuride
# Hosts        ip-192-168-0-11.ap-northeast-1.compute.inter...
# Users        isucon
# Query_time distribution
#   1us
#  10us
# 100us  ################################################################
#   1ms  #############
#  10ms  #
# 100ms
#    1s
#  10s+
# Tables
#    SHOW TABLE STATUS FROM `isuride` LIKE 'rides'\G
#    SHOW CREATE TABLE `isuride`.`rides`\G
#    SHOW TABLE STATUS FROM `isuride` LIKE 'ride_statuses'\G
#    SHOW CREATE TABLE `isuride`.`ride_statuses`\G
# EXPLAIN /*!50100 PARTITIONS*/
SELECT rides.* FROM rides JOIN ride_statuses ON rides.id = ride_statuses.ride_id WHERE chair_id = '01JEP595SKARQRKEF9NF3794Z9' AND status = 'COMPLETED' AND updated_at BETWEEN '1970-01-01' AND '2024-12-09 16:51:07.884' + INTERVAL 999 MICROSECOND\G
