
# 18.6s user time, 40ms system time, 33.14M rss, 39.23M vsz
# Current date: Sun Dec  8 07:01:32 2024
# Hostname: ip-192-168-0-11
# Files: /var/log/mysql/mysql-slow.log
# Overall: 245.81k total, 137 unique, 1.67k QPS, 3.09x concurrency _______
# Time range: 2024-12-08T06:59:04 to 2024-12-08T07:01:31
# Attribute          total     min     max     avg     95%  stddev  median
# ============     ======= ======= ======= ======= ======= ======= =======
# Exec time           454s     2us   463ms     2ms    12ms     9ms   152us
# Lock time          559ms       0    25ms     2us     1us   118us     1us
# Rows sent        223.40k       0  20.71k    0.93    0.99   42.23    0.99
# Rows examine      14.65M       0  41.42k   62.51    4.96   1.11k    0.99
# Query size        24.09M       6 1011.33k  102.75  136.99   3.16k  102.22

# Profile
# Rank Query ID                            Response time  Calls R/Call V/M
# ==== =================================== ============== ===== ====== ===
#    1 0xFFFCA4D67EA0A788813031B8BBC3B329  286.0974 63.1% 26848 0.0107  0.00 COMMIT
#    2 0x0ACAA533186FEF1AED08E20593E3284F   60.8684 13.4%   337 0.1806  0.06 SELECT chair_locations
#    3 0x99AD73F547A6D92B1F2ABB6F90316A67   22.4583  5.0%   343 0.0655  0.02 SELECT ride_statuses rides ride_statuses
#    4 0xD6AD8A431BE7CA447BE67E7F25C2D64A   16.6987  3.7% 20975 0.0008  0.00 SELECT chair_locations
#    5 0xDCA6B16A0FC65C799EB401CBD984EACF    7.6130  1.7% 24221 0.0003  0.00 SELECT ride_statuses
#    6 0x49D4717E21912CD8B13961B8248A27CF    7.1262  1.6% 23888 0.0003  0.02 SELECT chairs
#    7 0xD8DAD8AC6EDE2238F17AC39B0009258F    6.6370  1.5% 23485 0.0003  0.00 SELECT rides
#    8 0xE13EB9FE8E585FDE0A4C67FEB1D9D015    6.4192  1.4%  2340 0.0027  0.00 SELECT rides
#    9 0xE4607CFD429571DE7B78092E46EBE189    6.3641  1.4% 20908 0.0003  0.00 INSERT UPDATE chair_total_distances
#   10 0xD2D38076E399D482E9094817365408E9    6.2173  1.4% 20975 0.0003  0.00 INSERT chair_locations
#   11 0xDF3E6335E6C2FD1DB8C12FD4E3FB9DA3    4.1608  0.9% 20975 0.0002  0.00 SELECT chair_locations
#   12 0xA3B0C1486434871B20F519E77C3FD9E6    3.5505  0.8%  2909 0.0012  0.00 SELECT coupons
# MISC 0xMISC                               19.3505  4.3% 57608 0.0003   0.0 <125 ITEMS>

# Query 1: 406.79 QPS, 4.33x concurrency, ID 0xFFFCA4D67EA0A788813031B8BBC3B329 at byte 22912968
# This item is included in the report because it matches --limit.
# Scores: V/M = 0.00
# Time range: 2024-12-08T06:59:43 to 2024-12-08T07:00:49
# Attribute    pct   total     min     max     avg     95%  stddev  median
# ============ === ======= ======= ======= ======= ======= ======= =======
# Count         10   26848
# Exec time     63    286s    14us   123ms    11ms    16ms     5ms    11ms
# Lock time      0       0       0       0       0       0       0       0
# Rows sent      0       0       0       0       0       0       0       0
# Rows examine   0       0       0       0       0       0       0       0
# Query size     0 157.31k       6       6       6       6       0       6
# String:
# Databases    isuride
# Hosts        localhost
# Users        isucon
# Query_time distribution
#   1us
#  10us  #########
# 100us  #
#   1ms  ################
#  10ms  ################################################################
# 100ms  #
#    1s
#  10s+
COMMIT\G

# Query 2: 5.62 QPS, 1.01x concurrency, ID 0x0ACAA533186FEF1AED08E20593E3284F at byte 71031311
# This item is included in the report because it matches --limit.
# Scores: V/M = 0.06
# Time range: 2024-12-08T06:59:44 to 2024-12-08T07:00:44
# Attribute    pct   total     min     max     avg     95%  stddev  median
# ============ === ======= ======= ======= ======= ======= ======= =======
# Count          0     337
# Exec time     13     61s    22ms   463ms   181ms   356ms   106ms   171ms
# Lock time      0   613us       0   192us     1us     1us    10us     1us
# Rows sent      1   2.53k       1      24    7.68   19.46    5.51    5.75
# Rows examine  67   9.88M  20.73k  41.16k  30.04k  38.40k   5.84k  30.09k
# Query size     0 127.09k     184     874  386.17  719.66  164.14  329.68
# String:
# Databases    isuride
# Hosts        localhost
# Users        isucon
# Query_time distribution
#   1us
#  10us
# 100us
#   1ms
#  10ms  ###########################
# 100ms  ################################################################
#    1s
#  10s+
# Tables
#    SHOW TABLE STATUS FROM `isuride` LIKE 'chair_locations'\G
#    SHOW CREATE TABLE `isuride`.`chair_locations`\G
# EXPLAIN /*!50100 PARTITIONS*/
SELECT * FROM chair_locations WHERE (chair_id, created_at) IN (SELECT chair_id, MAX(created_at) FROM chair_locations WHERE chair_id IN ('01JEJH3ZKZHG0WVHQQ343GY4KV', '01JEJH3ZSBS0GQA71EY450WXH8', '01JEJH2ZY7TMQTN8SQ6JTG4MS0', '01JEJH3TBAM1XDM2KVSDDNP043', '01JEJH3W8CRQC02N4HC3765V2N', '01JEJH2RXDZJZ774N057CGTHA1', '01JEJH2WE0DKGNY0R2NVPVDT3B', '01JEJH3E1KSGHVWSH6WDGPX89Y', '01JEJH28GFSMYE61H94H9YNWKD', '01JEJH28JG0A22MMXCHX5JCHHX', '01JEJH3ZRK6F61PYNVK2VP7E8Q', '01JEJH28HXJWDDCMQD9MB4GNXD', '01JEJH3PVJPZKWBJ5DJKH7HFRD', '01JEJH28DFCPSPF46GZCEVPMN1', '01JEJH33FBYD2N65MEK5QXG403', '01JEJH3CCAJ5PT8J22E2NTEN35', '01JEJH3N40X0D7QFSPZ91HV4H1', '01JEJH28KJGPS9AZ9SBZNK18MR', '01JEJH28M5XQ85ATPVTPSWCF9Q', '01JEJH3ZNR0RX679E7Q7DZK16N') GROUP BY chair_id)\G

# Query 3: 5.72 QPS, 0.37x concurrency, ID 0x99AD73F547A6D92B1F2ABB6F90316A67 at byte 41728369
# This item is included in the report because it matches --limit.
# Scores: V/M = 0.02
# Time range: 2024-12-08T06:59:44 to 2024-12-08T07:00:44
# Attribute    pct   total     min     max     avg     95%  stddev  median
# ============ === ======= ======= ======= ======= ======= ======= =======
# Count          0     343
# Exec time      4     22s     1ms   177ms    65ms   141ms    40ms    59ms
# Lock time      0     2ms     1us   887us     6us     1us    54us     1us
# Rows sent     11  24.86k       0     185   74.20  166.51   50.07   65.89
# Rows examine   1 169.33k      93   1.12k  505.51 1012.63  303.62  463.90
# Query size     1 427.75k     837   2.19k   1.25k   1.96k  412.46   1.14k
# String:
# Databases    isuride
# Hosts        localhost
# Users        isucon
# Query_time distribution
#   1us
#  10us
# 100us
#   1ms  ###
#  10ms  ################################################################
# 100ms  ######################
#    1s
#  10s+
# Tables
#    SHOW TABLE STATUS FROM `isuride` LIKE 'ride_statuses'\G
#    SHOW CREATE TABLE `isuride`.`ride_statuses`\G
#    SHOW TABLE STATUS FROM `isuride` LIKE 'rides'\G
#    SHOW CREATE TABLE `isuride`.`rides`\G
# EXPLAIN /*!50100 PARTITIONS*/
SELECT r.chair_id AS chair_id, rs.status AS status FROM ride_statuses rs LEFT JOIN rides r ON rs.ride_id = r.id WHERE (rs.ride_id, rs.created_at) IN (SELECT ride_id, MAX(created_at) FROM ride_statuses GROUP BY ride_id) AND r.chair_id IN ('01JEJH28BAVRPV4SQ0HY9A7GM1', '01JEJH28BPB8RFFA6BF4XMZDRD', '01JEJH28C1CB8PR0KDGKH5988G', '01JEJH28CCJ9CP5P8XZNVJDX5V', '01JEJH28DFCPSPF46GZCEVPMN1', '01JEJH28DSZT0MP84Y6BEAJ42C', '01JEJH28E21HM611XKDAEX7XDD', '01JEJH28EDB51H8EQRQW25ZV3M', '01JEJH28FJWPTJ9M8F7BNM26EZ', '01JEJH28FWMFWXC7EXQJ9X8KD5', '01JEJH28G54KEZ09EKQ4HHR0NW', '01JEJH28GFSMYE61H94H9YNWKD', '01JEJH28HKR4BT7W443EAEH2TJ', '01JEJH28HXJWDDCMQD9MB4GNXD', '01JEJH28J6WEW6ZMYT0R26X6HV', '01JEJH28JG0A22MMXCHX5JCHHX', '01JEJH28KJGPS9AZ9SBZNK18MR', '01JEJH28KVRHXMQQS9JXTAWC1C', '01JEJH28M5XQ85ATPVTPSWCF9Q', '01JEJH28MEFYW3EHNK340W6V0Q'/*... omitted 19 items ...*/)\G

# Query 4: 349.58 QPS, 0.28x concurrency, ID 0xD6AD8A431BE7CA447BE67E7F25C2D64A at byte 56262026
# This item is included in the report because it matches --limit.
# Scores: V/M = 0.00
# Time range: 2024-12-08T06:59:44 to 2024-12-08T07:00:44
# Attribute    pct   total     min     max     avg     95%  stddev  median
# ============ === ======= ======= ======= ======= ======= ======= =======
# Count          8   20975
# Exec time      3     17s   109us    12ms   796us     3ms   980us   348us
# Lock time      4    26ms       0   515us     1us     1us     8us     1us
# Rows sent      9  20.42k       0       1    1.00    0.99    0.06    0.99
# Rows examine   0  20.42k       0       1    1.00    0.99    0.06    0.99
# Query size     8   2.16M     108     108     108     108       0     108
# String:
# Databases    isuride
# Hosts        localhost
# Users        isucon
# Query_time distribution
#   1us
#  10us
# 100us  ################################################################
#   1ms  ###################
#  10ms  #
# 100ms
#    1s
#  10s+
# Tables
#    SHOW TABLE STATUS FROM `isuride` LIKE 'chair_locations'\G
#    SHOW CREATE TABLE `isuride`.`chair_locations`\G
# EXPLAIN /*!50100 PARTITIONS*/
SELECT * FROM chair_locations WHERE chair_id = '01JEJH3HGYCBX6BSZ2W9QF5VCP' ORDER BY created_at DESC LIMIT 1\G

# Query 5: 372.63 QPS, 0.12x concurrency, ID 0xDCA6B16A0FC65C799EB401CBD984EACF at byte 54953035
# This item is included in the report because it matches --limit.
# Scores: V/M = 0.00
# Time range: 2024-12-08T06:59:44 to 2024-12-08T07:00:49
# Attribute    pct   total     min     max     avg     95%  stddev  median
# ============ === ======= ======= ======= ======= ======= ======= =======
# Count          9   24221
# Exec time      1      8s   105us     9ms   314us     1ms   422us   167us
# Lock time      7    40ms       0     3ms     1us     1us    29us     1us
# Rows sent     10  23.65k       1       1       1       1       0       1
# Rows examine   0  23.66k       1       3    1.00    0.99    0.01    0.99
# Query size    10   2.54M     110     110     110     110       0     110
# String:
# Databases    isuride
# Hosts        localhost
# Users        isucon
# Query_time distribution
#   1us
#  10us
# 100us  ################################################################
#   1ms  ###
#  10ms
# 100ms
#    1s
#  10s+
# Tables
#    SHOW TABLE STATUS FROM `isuride` LIKE 'ride_statuses'\G
#    SHOW CREATE TABLE `isuride`.`ride_statuses`\G
# EXPLAIN /*!50100 PARTITIONS*/
SELECT status FROM ride_statuses WHERE ride_id = '01JEJH348PASQ7KGNZBQ8XKWJ8' ORDER BY created_at DESC LIMIT 1\G

# Query 6: 367.51 QPS, 0.11x concurrency, ID 0x49D4717E21912CD8B13961B8248A27CF at byte 3506081
# This item is included in the report because it matches --limit.
# Scores: V/M = 0.02
# Time range: 2024-12-08T06:59:44 to 2024-12-08T07:00:49
# Attribute    pct   total     min     max     avg     95%  stddev  median
# ============ === ======= ======= ======= ======= ======= ======= =======
# Count          9   23888
# Exec time      1      7s    93us    97ms   298us   657us     2ms   138us
# Lock time      8    50ms       0     4ms     2us     1us    29us     1us
# Rows sent     10  23.33k       1       1       1       1       0       1
# Rows examine   0  23.33k       1       1       1       1       0       1
# Query size    10   2.46M     108     108     108     108       0     108
# String:
# Databases    isuride
# Hosts        localhost
# Users        isucon
# Query_time distribution
#   1us
#  10us  #
# 100us  ################################################################
#   1ms  #
#  10ms  #
# 100ms  #
#    1s
#  10s+
# Tables
#    SHOW TABLE STATUS FROM `isuride` LIKE 'chairs'\G
#    SHOW CREATE TABLE `isuride`.`chairs`\G
# EXPLAIN /*!50100 PARTITIONS*/
SELECT * FROM chairs WHERE access_token = '1558ee8d1975905ce5b1577528e3bd61f6a0c87e032df1ae1e093f7f0d7c8666'\G

# Query 7: 361.31 QPS, 0.10x concurrency, ID 0xD8DAD8AC6EDE2238F17AC39B0009258F at byte 61295029
# This item is included in the report because it matches --limit.
# Scores: V/M = 0.00
# Time range: 2024-12-08T06:59:44 to 2024-12-08T07:00:49
# Attribute    pct   total     min     max     avg     95%  stddev  median
# ============ === ======= ======= ======= ======= ======= ======= =======
# Count          9   23485
# Exec time      1      7s    95us    16ms   282us   925us   368us   152us
# Lock time      7    39ms       0     1ms     1us     1us    20us     1us
# Rows sent     10  22.58k       0       1    0.98    0.99    0.12    0.99
# Rows examine   0  22.58k       0       1    0.98    0.99    0.12    0.99
# Query size     9   2.19M      98      98      98      98       0      98
# String:
# Databases    isuride
# Hosts        localhost
# Users        isucon
# Query_time distribution
#   1us
#  10us  #
# 100us  ################################################################
#   1ms  ###
#  10ms  #
# 100ms
#    1s
#  10s+
# Tables
#    SHOW TABLE STATUS FROM `isuride` LIKE 'rides'\G
#    SHOW CREATE TABLE `isuride`.`rides`\G
# EXPLAIN /*!50100 PARTITIONS*/
SELECT * FROM rides WHERE chair_id = '01JEJH28FJWPTJ9M8F7BNM26EZ' ORDER BY updated_at DESC LIMIT 1\G

# Query 8: 36 QPS, 0.10x concurrency, ID 0xE13EB9FE8E585FDE0A4C67FEB1D9D015 at byte 61357348
# This item is included in the report because it matches --limit.
# Scores: V/M = 0.00
# Time range: 2024-12-08T06:59:44 to 2024-12-08T07:00:49
# Attribute    pct   total     min     max     avg     95%  stddev  median
# ============ === ======= ======= ======= ======= ======= ======= =======
# Count          0    2340
# Exec time      1      6s   496us    16ms     3ms     7ms     2ms     2ms
# Lock time      0     5ms       0     2ms     1us     1us    31us     1us
# Rows sent      1   2.29k       1       1       1       1       0       1
# Rows examine  13   1.92M     760     940  858.54  918.49   56.29  833.10
# Query size     0 221.66k      97      97      97      97       0      97
# String:
# Databases    isuride
# Hosts        localhost
# Users        isucon
# Query_time distribution
#   1us
#  10us
# 100us  #################
#   1ms  ################################################################
#  10ms  #
# 100ms
#    1s
#  10s+
# Tables
#    SHOW TABLE STATUS FROM `isuride` LIKE 'rides'\G
#    SHOW CREATE TABLE `isuride`.`rides`\G
# EXPLAIN /*!50100 PARTITIONS*/
SELECT * FROM rides WHERE user_id = '01JEJH2RY3FD93KDQ5XGWPPSYQ' ORDER BY created_at DESC LIMIT 1\G

# Query 9: 354.37 QPS, 0.11x concurrency, ID 0xE4607CFD429571DE7B78092E46EBE189 at byte 24359292
# This item is included in the report because it matches --limit.
# Scores: V/M = 0.00
# Time range: 2024-12-08T06:59:45 to 2024-12-08T07:00:44
# Attribute    pct   total     min     max     avg     95%  stddev  median
# ============ === ======= ======= ======= ======= ======= ======= =======
# Count          8   20908
# Exec time      1      6s    89us    11ms   304us     1ms   447us   138us
# Lock time      6    35ms       0     1ms     1us     1us    20us     1us
# Rows sent      0       0       0       0       0       0       0       0
# Rows examine   0       0       0       0       0       0       0       0
# Query size    11   2.85M     143     143     143     143       0     143
# String:
# Databases    isuride
# Hosts        localhost
# Users        isucon
# Query_time distribution
#   1us
#  10us  #
# 100us  ################################################################
#   1ms  ####
#  10ms  #
# 100ms
#    1s
#  10s+
# Tables
#    SHOW TABLE STATUS FROM `isuride` LIKE 'chair_total_distances'\G
#    SHOW CREATE TABLE `isuride`.`chair_total_distances`\G
INSERT INTO chair_total_distances (chair_id, distance) VALUES ('01JEJH28FJWPTJ9M8F7BNM26EZ', 2) ON DUPLICATE KEY UPDATE distance = distance + 2\G

# Query 10: 349.58 QPS, 0.10x concurrency, ID 0xD2D38076E399D482E9094817365408E9 at byte 39814214
# This item is included in the report because it matches --limit.
# Scores: V/M = 0.00
# Time range: 2024-12-08T06:59:44 to 2024-12-08T07:00:44
# Attribute    pct   total     min     max     avg     95%  stddev  median
# ============ === ======= ======= ======= ======= ======= ======= =======
# Count          8   20975
# Exec time      1      6s    78us    14ms   296us     1ms   522us   131us
# Lock time      5    32ms       0     1ms     1us     1us    17us     1us
# Rows sent      0       0       0       0       0       0       0       0
# Rows examine   0       0       0       0       0       0       0       0
# Query size    11   2.81M     137     141  140.31  136.99       0  136.99
# String:
# Databases    isuride
# Hosts        localhost
# Users        isucon
# Query_time distribution
#   1us
#  10us  #
# 100us  ################################################################
#   1ms  ####
#  10ms  #
# 100ms
#    1s
#  10s+
# Tables
#    SHOW TABLE STATUS FROM `isuride` LIKE 'chair_locations'\G
#    SHOW CREATE TABLE `isuride`.`chair_locations`\G
INSERT INTO chair_locations (id, chair_id, latitude, longitude) VALUES ('01JEJH3AYXGZ55S9491EWH2W9W', '01JEJH28HXJWDDCMQD9MB4GNXD', -20, -3)\G

# Query 11: 349.58 QPS, 0.07x concurrency, ID 0xDF3E6335E6C2FD1DB8C12FD4E3FB9DA3 at byte 70765529
# This item is included in the report because it matches --limit.
# Scores: V/M = 0.00
# Time range: 2024-12-08T06:59:44 to 2024-12-08T07:00:44
# Attribute    pct   total     min     max     avg     95%  stddev  median
# ============ === ======= ======= ======= ======= ======= ======= =======
# Count          8   20975
# Exec time      0      4s    56us    16ms   198us   657us   369us    98us
# Lock time      5    32ms       0     2ms     1us     1us    21us     1us
# Rows sent      9  20.48k       1       1       1       1       0       1
# Rows examine   0  20.48k       1       1       1       1       0       1
# Query size     5   1.38M      69      69      69      69       0      69
# String:
# Databases    isuride
# Hosts        localhost
# Users        isucon
# Query_time distribution
#   1us
#  10us  ######################################################
# 100us  ################################################################
#   1ms  ###
#  10ms  #
# 100ms
#    1s
#  10s+
# Tables
#    SHOW TABLE STATUS FROM `isuride` LIKE 'chair_locations'\G
#    SHOW CREATE TABLE `isuride`.`chair_locations`\G
# EXPLAIN /*!50100 PARTITIONS*/
SELECT * FROM chair_locations WHERE id = '01JEJH41TVG3S2P4C4XEKX40ZR'\G

# Query 12: 44.75 QPS, 0.05x concurrency, ID 0xA3B0C1486434871B20F519E77C3FD9E6 at byte 64327491
# This item is included in the report because it matches --limit.
# Scores: V/M = 0.00
# Time range: 2024-12-08T06:59:44 to 2024-12-08T07:00:49
# Attribute    pct   total     min     max     avg     95%  stddev  median
# ============ === ======= ======= ======= ======= ======= ======= =======
# Count          1    2909
# Exec time      0      4s   275us     8ms     1ms     4ms     1ms   626us
# Lock time      0     4ms       0   764us     1us     1us    15us     1us
# Rows sent      0   1.85k       0       1    0.65    0.99    0.47    0.99
# Rows examine  11   1.66M     528     646  598.11  621.67   34.05  592.07
# Query size     0 187.49k      66      66      66      66       0      66
# String:
# Databases    isuride
# Hosts        localhost
# Users        isucon
# Query_time distribution
#   1us
#  10us
# 100us  ################################################################
#   1ms  #####################################
#  10ms
# 100ms
#    1s
#  10s+
# Tables
#    SHOW TABLE STATUS FROM `isuride` LIKE 'coupons'\G
#    SHOW CREATE TABLE `isuride`.`coupons`\G
# EXPLAIN /*!50100 PARTITIONS*/
SELECT * FROM coupons WHERE used_by = '01JEJH3F2MX7SKS48WJGDKE2ZH'\G
