+-------+-----+-------+-------+-----+-----+--------+-------------------------------------+-------+-------+---------+-------+-------+-------+-------+--------+------------+------------+--------------+------------+
| COUNT | 1XX |  2XX  |  3XX  | 4XX | 5XX | METHOD |                 URI                 |  MIN  |  MAX  |   SUM   |  AVG  |  P90  |  P95  |  P99  | STDDEV | MIN(BODY)  | MAX(BODY)  |  SUM(BODY)   | AVG(BODY)  |
+-------+-----+-------+-------+-----+-----+--------+-------------------------------------+-------+-------+---------+-------+-------+-------+-------+--------+------------+------------+--------------+------------+
| 20547 | 0   | 20547 | 0     | 0   | 0   | POST   | /api/chair/coordinate               | 0.008 | 0.200 | 749.570 | 0.036 | 0.057 | 0.072 | 0.100 | 0.018  | 29.000     | 29.000     | 595863.000   | 29.000     |
| 346   | 0   | 346   | 0     | 0   | 0   | GET    | /api/app/nearby-chairs              | 0.015 | 1.711 | 111.143 | 0.321 | 0.971 | 1.375 | 1.657 | 0.425  | 42.000     | 2190.000   | 157189.000   | 454.303    |
| 2747  | 0   | 2747  | 0     | 0   | 0   | GET    | /api/app/notification               | 0.002 | 0.275 | 90.118  | 0.033 | 0.076 | 0.099 | 0.145 | 0.032  | 261.000    | 469.000    | 1060290.000  | 385.981    |
| 3160  | 0   | 3160  | 0     | 0   | 0   | GET    | /api/chair/notification             | 0.002 | 0.142 | 62.108  | 0.020 | 0.044 | 0.056 | 0.084 | 0.019  | 35.000     | 272.000    | 717020.000   | 226.905    |
| 208   | 0   | 208   | 0     | 0   | 0   | POST   | /api/app/rides/[A-Z0-9]+/evaluation | 0.039 | 1.311 | 37.704  | 0.181 | 0.488 | 0.540 | 0.961 | 0.219  | 30.000     | 30.000     | 6240.000     | 30.000     |
| 463   | 0   | 463   | 0     | 0   | 0   | POST   | /api/chair/rides/[A-Z0-9]+/status   | 0.007 | 0.128 | 11.983  | 0.026 | 0.041 | 0.049 | 0.074 | 0.014  | 0.000      | 0.000      | 0.000        | 0.000      |
| 265   | 0   | 265   | 0     | 0   | 0   | POST   | /api/app/rides                      | 0.009 | 0.168 | 10.404  | 0.039 | 0.084 | 0.099 | 0.125 | 0.029  | 51.000     | 53.000     | 13743.000    | 51.860     |
| 150   | 0   | 150   | 0     | 0   | 0   | GET    | /api/owner/sales                    | 0.010 | 0.439 | 9.345   | 0.062 | 0.136 | 0.201 | 0.365 | 0.066  | 377.000    | 9017.000   | 155378.000   | 1035.853   |
| 349   | 0   | 349   | 0     | 0   | 0   | GET    | /api/app/rides                      | 0.001 | 0.233 | 7.653   | 0.022 | 0.058 | 0.103 | 0.172 | 0.034  | 12.000     | 2572.000   | 144477.000   | 413.974    |
| 313   | 0   | 305   | 0     | 0   | 8   | GET    | /api/internal/matching              | 0.035 | 0.100 | 4.060   | 0.013 | 0.029 | 0.047 | 0.077 | 0.015  | 0.000      | 150.000    | 680.000      | 2.173      |
| 84    | 0   | 84    | 0     | 0   | 0   | POST   | /api/chair/activity                 | 0.011 | 0.129 | 2.838   | 0.034 | 0.129 | 0.129 | 0.129 | 0.036  | 0.000      | 0.000      | 0.000        | 0.000      |
| 129   | 0   | 129   | 0     | 0   | 0   | POST   | /api/app/users                      | 0.006 | 0.083 | 2.791   | 0.022 | 0.039 | 0.047 | 0.068 | 0.013  | 86.000     | 86.000     | 11094.000    | 86.000     |
| 129   | 0   | 129   | 0     | 0   | 0   | POST   | /api/app/payment-methods            | 0.008 | 0.051 | 2.610   | 0.020 | 0.036 | 0.042 | 0.051 | 0.010  | 0.000      | 0.000      | 0.000        | 0.000      |
| 1     | 0   | 1     | 0     | 0   | 0   | POST   | /api/initialize                     | 2.416 | 2.416 | 2.416   | 2.416 | 2.416 | 2.416 | 2.416 | 0.000  | 17.000     | 17.000     | 17.000       | 17.000     |
| 269   | 0   | 269   | 0     | 0   | 0   | POST   | /api/app/rides/estimated-fare       | 0.001 | 0.137 | 2.330   | 0.009 | 0.022 | 0.029 | 0.047 | 0.012  | 26.000     | 29.000     | 7412.000     | 27.554     |
| 84    | 0   | 84    | 0     | 0   | 0   | POST   | /api/chair/chairs                   | 0.006 | 0.056 | 1.356   | 0.016 | 0.027 | 0.030 | 0.056 | 0.009  | 75.000     | 75.000     | 6300.000     | 75.000     |
| 166   | 0   | 166   | 0     | 0   | 0   | GET    | /api/owner/chairs                   | 0.001 | 0.050 | 0.799   | 0.005 | 0.010 | 0.015 | 0.039 | 0.006  | 570.000    | 19000.000  | 296295.000   | 1784.910   |
| 14995 | 0   | 3102  | 11893 | 0   | 0   | GET    | /assets.*                           | 0.000 | 0.007 | 0.191   | 0.000 | 0.000 | 0.000 | 0.000 | 0.000  | 0.000      | 184569.000 | 47799921.000 | 3187.724   |
| 5     | 0   | 5     | 0     | 0   | 0   | POST   | /api/owner/owners                   | 0.006 | 0.008 | 0.033   | 0.007 | 0.008 | 0.008 | 0.008 | 0.001  | 125.000    | 125.000    | 625.000      | 125.000    |
| 1     | 0   | 1     | 0     | 0   | 0   | GET    | /api/owner/sales?                   | 0.030 | 0.030 | 0.030   | 0.030 | 0.030 | 0.030 | 0.030 | 0.000  | 9183.000   | 9183.000   | 9183.000     | 9183.000   |
| 684   | 0   | 130   | 554   | 0   | 0   | GET    | /images/town.svg                    | 0.000 | 0.004 | 0.010   | 0.000 | 0.000 | 0.000 | 0.000 | 0.000  | 0.000      | 128735.000 | 16735550.000 | 24467.178  |
| 684   | 0   | 130   | 554   | 0   | 0   | GET    | /images/buildings5.svg              | 0.000 | 0.000 | 0.000   | 0.000 | 0.000 | 0.000 | 0.000 | 0.000  | 0.000      | 9858.000   | 1281540.000  | 1873.596   |
| 171   | 0   | 6     | 165   | 0   | 0   | GET    | /owner                              | 0.000 | 0.000 | 0.000   | 0.000 | 0.000 | 0.000 | 0.000 | 0.000  | 0.000      | 704.000    | 4224.000     | 24.702     |
| 684   | 0   | 130   | 554   | 0   | 0   | GET    | /images/house1.svg                  | 0.000 | 0.000 | 0.000   | 0.000 | 0.000 | 0.000 | 0.000 | 0.000  | 0.000      | 2903.000   | 377390.000   | 551.740    |
| 1     | 0   | 1     | 0     | 0   | 0   | GET    | /images/top-bg.png                  | 0.000 | 0.000 | 0.000   | 0.000 | 0.000 | 0.000 | 0.000 | 0.000  | 549793.000 | 549793.000 | 549793.000   | 549793.000 |
| 684   | 0   | 130   | 554   | 0   | 0   | GET    | /images/buildings6.svg              | 0.000 | 0.000 | 0.000   | 0.000 | 0.000 | 0.000 | 0.000 | 0.000  | 0.000      | 9454.000   | 1229020.000  | 1796.813   |
| 1     | 0   | 1     | 0     | 0   | 0   | GET    | /index.html                         | 0.000 | 0.000 | 0.000   | 0.000 | 0.000 | 0.000 | 0.000 | 0.000  | 704.000    | 704.000    | 704.000      | 704.000    |
| 684   | 0   | 130   | 554   | 0   | 0   | GET    | /images/buildings3.svg              | 0.000 | 0.000 | 0.000   | 0.000 | 0.000 | 0.000 | 0.000 | 0.000  | 0.000      | 23793.000  | 3093090.000  | 4522.061   |
| 684   | 0   | 130   | 554   | 0   | 0   | GET    | /images/house2.svg                  | 0.000 | 0.000 | 0.000   | 0.000 | 0.000 | 0.000 | 0.000 | 0.000  | 0.000      | 6430.000   | 835900.000   | 1222.076   |
| 684   | 0   | 130   | 554   | 0   | 0   | GET    | /images/buildings2.svg              | 0.000 | 0.000 | 0.000   | 0.000 | 0.000 | 0.000 | 0.000 | 0.000  | 0.000      | 23825.000  | 3097250.000  | 4528.143   |
| 684   | 0   | 130   | 554   | 0   | 0   | GET    | /images/buildings4.svg              | 0.000 | 0.000 | 0.000   | 0.000 | 0.000 | 0.000 | 0.000 | 0.000  | 0.000      | 4582.000   | 595660.000   | 870.848    |
| 1     | 0   | 1     | 0     | 0   | 0   | GET    | /images/top-logo.svg                | 0.000 | 0.000 | 0.000   | 0.000 | 0.000 | 0.000 | 0.000 | 0.000  | 4749.000   | 4749.000   | 4749.000     | 4749.000   |
| 684   | 0   | 130   | 554   | 0   | 0   | GET    | /images/buildings1.svg              | 0.000 | 0.000 | 0.000   | 0.000 | 0.000 | 0.000 | 0.000 | 0.000  | 0.000      | 13886.000  | 1805180.000  | 2639.152   |
| 854   | 0   | 135   | 719   | 0   | 0   | GET    | /favicon-32x32.png                  | 0.000 | 0.000 | 0.000   | 0.000 | 0.000 | 0.000 | 0.000 | 0.000  | 0.000      | 336.000    | 45360.000    | 53.115     |
| 1     | 0   | 1     | 0     | 0   | 0   | GET    | /apple-touch-icon-180x180.png       | 0.000 | 0.000 | 0.000   | 0.000 | 0.000 | 0.000 | 0.000 | 0.000  | 1020.000   | 1020.000   | 1020.000     | 1020.000   |
| 854   | 0   | 135   | 719   | 0   | 0   | GET    | /favicon.ico                        | 0.000 | 0.000 | 0.000   | 0.000 | 0.000 | 0.000 | 0.000 | 0.000  | 0.000      | 16958.000  | 2289330.000  | 2680.714   |
| 1     | 0   | 1     | 0     | 0   | 0   | GET    | /favicon-128x128.png                | 0.000 | 0.000 | 0.000   | 0.000 | 0.000 | 0.000 | 0.000 | 0.000  | 783.000    | 783.000    | 783.000      | 783.000    |
| 684   | 0   | 130   | 554   | 0   | 0   | GET    | /client                             | 0.000 | 0.000 | 0.000   | 0.000 | 0.000 | 0.000 | 0.000 | 0.000  | 0.000      | 704.000    | 91520.000    | 133.801    |
+-------+-----+-------+-------+-----+-----+--------+-------------------------------------+-------+-------+---------+-------+-------+-------+-------+--------+------------+------------+--------------+------------+
