+-------+-----+-------+-------+-----+-----+--------+-------------------------------------+-------+-------+---------+-------+-------+-------+-------+--------+------------+------------+--------------+------------+
| COUNT | 1XX |  2XX  |  3XX  | 4XX | 5XX | METHOD |                 URI                 |  MIN  |  MAX  |   SUM   |  AVG  |  P90  |  P95  |  P99  | STDDEV | MIN(BODY)  | MAX(BODY)  |  SUM(BODY)   | AVG(BODY)  |
+-------+-----+-------+-------+-----+-----+--------+-------------------------------------+-------+-------+---------+-------+-------+-------+-------+--------+------------+------------+--------------+------------+
| 40267 | 0   | 40267 | 0     | 0   | 0   | POST   | /api/chair/coordinate               | 0.001 | 0.264 | 605.607 | 0.015 | 0.031 | 0.045 | 0.078 | 0.016  | 29.000     | 29.000     | 1167743.000  | 29.000     |
| 4431  | 0   | 4431  | 0     | 0   | 0   | GET    | /api/app/notification               | 0.002 | 0.398 | 148.109 | 0.033 | 0.089 | 0.130 | 0.224 | 0.045  | 261.000    | 458.000    | 1677046.000  | 378.480    |
| 3445  | 0   | 3445  | 0     | 0   | 0   | GET    | /api/chair/notification             | 0.001 | 0.254 | 71.748  | 0.021 | 0.051 | 0.071 | 0.130 | 0.026  | 35.000     | 272.000    | 854015.000   | 247.900    |
| 282   | 0   | 282   | 0     | 0   | 0   | POST   | /api/app/rides/[A-Z0-9]+/evaluation | 0.038 | 1.797 | 66.272  | 0.235 | 0.547 | 0.804 | 1.368 | 0.302  | 30.000     | 30.000     | 8460.000     | 30.000     |
| 775   | 0   | 775   | 0     | 0   | 0   | GET    | /api/app/nearby-chairs              | 0.004 | 0.322 | 44.491  | 0.057 | 0.134 | 0.167 | 0.280 | 0.054  | 42.000     | 1299.000   | 151720.000   | 195.768    |
| 670   | 0   | 670   | 0     | 0   | 0   | POST   | /api/chair/rides/[A-Z0-9]+/status   | 0.009 | 0.181 | 17.845  | 0.027 | 0.048 | 0.067 | 0.101 | 0.019  | 0.000      | 0.000      | 0.000        | 0.000      |
| 387   | 0   | 387   | 0     | 0   | 0   | POST   | /api/app/rides                      | 0.008 | 0.338 | 17.404  | 0.045 | 0.108 | 0.149 | 0.216 | 0.047  | 51.000     | 53.000     | 20081.000    | 51.889     |
| 778   | 0   | 778   | 0     | 0   | 0   | GET    | /api/app/rides                      | 0.001 | 0.352 | 14.910  | 0.019 | 0.051 | 0.100 | 0.236 | 0.044  | 12.000     | 2158.000   | 284323.000   | 365.454    |
| 150   | 0   | 150   | 0     | 0   | 0   | GET    | /api/owner/sales                    | 0.007 | 0.445 | 8.826   | 0.059 | 0.196 | 0.277 | 0.364 | 0.088  | 389.000    | 9017.000   | 161532.000   | 1076.880   |
| 2262  | 0   | 2015  | 0     | 0   | 247 | GET    | /api/internal/matching              | 0.009 | 0.177 | 7.374   | 0.003 | 0.008 | 0.009 | 0.048 | 0.010  | 0.000      | 150.000    | 37050.000    | 16.379     |
| 391   | 0   | 391   | 0     | 0   | 0   | POST   | /api/app/rides/estimated-fare       | 0.001 | 0.098 | 3.805   | 0.010 | 0.026 | 0.045 | 0.088 | 0.016  | 26.000     | 29.000     | 10740.000    | 27.468     |
| 161   | 0   | 160   | 0     | 0   | 1   | POST   | /api/app/users                      | 0.006 | 0.158 | 3.749   | 0.023 | 0.049 | 0.072 | 0.147 | 0.024  | 86.000     | 100.000    | 13860.000    | 86.087     |
| 160   | 0   | 160   | 0     | 0   | 0   | POST   | /api/app/payment-methods            | 0.006 | 0.087 | 3.318   | 0.021 | 0.033 | 0.047 | 0.087 | 0.016  | 0.000      | 0.000      | 0.000        | 0.000      |
| 104   | 0   | 104   | 0     | 0   | 0   | POST   | /api/chair/activity                 | 0.007 | 0.114 | 2.766   | 0.027 | 0.080 | 0.090 | 0.092 | 0.023  | 0.000      | 0.000      | 0.000        | 0.000      |
| 4     | 0   | 1     | 0     | 0   | 3   | POST   | /api/initialize                     | 2.466 | 2.466 | 2.485   | 0.621 | 2.466 | 2.466 | 2.466 | 1.065  | 17.000     | 709.000    | 1585.000     | 396.250    |
| 104   | 0   | 104   | 0     | 0   | 0   | POST   | /api/chair/chairs                   | 0.006 | 0.101 | 1.583   | 0.015 | 0.023 | 0.038 | 0.095 | 0.015  | 75.000     | 75.000     | 7800.000     | 75.000     |
| 166   | 0   | 166   | 0     | 0   | 0   | GET    | /api/owner/chairs                   | 0.001 | 0.026 | 0.633   | 0.004 | 0.014 | 0.020 | 0.026 | 0.006  | 747.000    | 19000.000  | 327100.000   | 1970.482   |
| 1     | 0   | 1     | 0     | 0   | 0   | GET    | /                                   | 0.235 | 0.235 | 0.235   | 0.235 | 0.235 | 0.235 | 0.235 | 0.000  | 409.000    | 409.000    | 409.000      | 409.000    |
| 24416 | 0   | 3972  | 20444 | 0   | 0   | GET    | /assets.*                           | 0.000 | 0.003 | 0.122   | 0.000 | 0.000 | 0.000 | 0.000 | 0.000  | 0.000      | 184569.000 | 60438715.000 | 2475.373   |
| 1     | 0   | 1     | 0     | 0   | 0   | GET    | /api/owner/sales?                   | 0.037 | 0.037 | 0.037   | 0.037 | 0.037 | 0.037 | 0.037 | 0.000  | 9183.000   | 9183.000   | 9183.000     | 9183.000   |
| 5     | 0   | 5     | 0     | 0   | 0   | POST   | /api/owner/owners                   | 0.006 | 0.009 | 0.034   | 0.007 | 0.009 | 0.009 | 0.009 | 0.001  | 125.000    | 125.000    | 625.000      | 125.000    |
| 4     | 0   | 4     | 0     | 0   | 0   | GET    | /images/top-bg.png                  | 0.001 | 0.002 | 0.003   | 0.001 | 0.002 | 0.002 | 0.002 | 0.001  | 549793.000 | 549793.000 | 2199172.000  | 549793.000 |
| 1222  | 0   | 165   | 1057  | 0   | 0   | GET    | /images/town.svg                    | 0.000 | 0.001 | 0.002   | 0.000 | 0.000 | 0.000 | 0.000 | 0.000  | 0.000      | 128735.000 | 21241275.000 | 17382.385  |
| 1222  | 0   | 165   | 1057  | 0   | 0   | GET    | /images/buildings3.svg              | 0.000 | 0.000 | 0.000   | 0.000 | 0.000 | 0.000 | 0.000 | 0.000  | 0.000      | 23793.000  | 3925845.000  | 3212.639   |
| 4     | 0   | 4     | 0     | 0   | 0   | GET    | /apple-touch-icon-180x180.png       | 0.000 | 0.000 | 0.000   | 0.000 | 0.000 | 0.000 | 0.000 | 0.000  | 1020.000   | 1020.000   | 4080.000     | 1020.000   |
| 1222  | 0   | 165   | 1057  | 0   | 0   | GET    | /images/buildings4.svg              | 0.000 | 0.000 | 0.000   | 0.000 | 0.000 | 0.000 | 0.000 | 0.000  | 0.000      | 4582.000   | 756030.000   | 618.682    |
| 1392  | 0   | 170   | 1222  | 0   | 0   | GET    | /favicon-32x32.png                  | 0.000 | 0.000 | 0.000   | 0.000 | 0.000 | 0.000 | 0.000 | 0.000  | 0.000      | 336.000    | 57120.000    | 41.034     |
| 4     | 0   | 4     | 0     | 0   | 0   | GET    | /index.html                         | 0.000 | 0.000 | 0.000   | 0.000 | 0.000 | 0.000 | 0.000 | 0.000  | 704.000    | 704.000    | 2816.000     | 704.000    |
| 174   | 0   | 9     | 165   | 0   | 0   | GET    | /owner                              | 0.000 | 0.000 | 0.000   | 0.000 | 0.000 | 0.000 | 0.000 | 0.000  | 0.000      | 704.000    | 6336.000     | 36.414     |
| 1222  | 0   | 165   | 1057  | 0   | 0   | GET    | /images/buildings6.svg              | 0.000 | 0.000 | 0.000   | 0.000 | 0.000 | 0.000 | 0.000 | 0.000  | 0.000      | 9454.000   | 1559910.000  | 1276.522   |
| 4     | 0   | 4     | 0     | 0   | 0   | GET    | /images/top-logo.svg                | 0.000 | 0.000 | 0.000   | 0.000 | 0.000 | 0.000 | 0.000 | 0.000  | 4749.000   | 4749.000   | 18996.000    | 4749.000   |
| 1392  | 0   | 170   | 1222  | 0   | 0   | GET    | /favicon.ico                        | 0.000 | 0.000 | 0.000   | 0.000 | 0.000 | 0.000 | 0.000 | 0.000  | 0.000      | 16958.000  | 2882860.000  | 2071.020   |
| 1222  | 0   | 165   | 1057  | 0   | 0   | GET    | /images/buildings1.svg              | 0.000 | 0.000 | 0.000   | 0.000 | 0.000 | 0.000 | 0.000 | 0.000  | 0.000      | 13886.000  | 2291190.000  | 1874.951   |
| 1     | 0   | 0     | 0     | 1   | 0   | -      | -                                   | 0.000 | 0.000 | 0.000   | 0.000 | 0.000 | 0.000 | 0.000 | 0.000  | 0.000      | 0.000      | 0.000        | 0.000      |
| 1222  | 0   | 165   | 1057  | 0   | 0   | GET    | /images/buildings2.svg              | 0.000 | 0.000 | 0.000   | 0.000 | 0.000 | 0.000 | 0.000 | 0.000  | 0.000      | 23825.000  | 3931125.000  | 3216.960   |
| 1222  | 0   | 165   | 1057  | 0   | 0   | GET    | /images/house1.svg                  | 0.000 | 0.000 | 0.000   | 0.000 | 0.000 | 0.000 | 0.000 | 0.000  | 0.000      | 2903.000   | 478995.000   | 391.976    |
| 1222  | 0   | 165   | 1057  | 0   | 0   | GET    | /images/buildings5.svg              | 0.000 | 0.000 | 0.000   | 0.000 | 0.000 | 0.000 | 0.000 | 0.000  | 0.000      | 9858.000   | 1626570.000  | 1331.072   |
| 1222  | 0   | 165   | 1057  | 0   | 0   | GET    | /images/house2.svg                  | 0.000 | 0.000 | 0.000   | 0.000 | 0.000 | 0.000 | 0.000 | 0.000  | 0.000      | 6430.000   | 1060950.000  | 868.208    |
| 4     | 0   | 4     | 0     | 0   | 0   | GET    | /favicon-128x128.png                | 0.000 | 0.000 | 0.000   | 0.000 | 0.000 | 0.000 | 0.000 | 0.000  | 783.000    | 783.000    | 3132.000     | 783.000    |
| 1222  | 0   | 165   | 1057  | 0   | 0   | GET    | /client                             | 0.000 | 0.000 | 0.000   | 0.000 | 0.000 | 0.000 | 0.000 | 0.000  | 0.000      | 704.000    | 116160.000   | 95.057     |
+-------+-----+-------+-------+-----+-----+--------+-------------------------------------+-------+-------+---------+-------+-------+-------+-------+--------+------------+------------+--------------+------------+
