+-------+-----+-------+------+-----+-----+--------+-------------------------------------+-------+-------+---------+-------+-------+-------+-------+--------+------------+------------+--------------+------------+
| COUNT | 1XX |  2XX  | 3XX  | 4XX | 5XX | METHOD |                 URI                 |  MIN  |  MAX  |   SUM   |  AVG  |  P90  |  P95  |  P99  | STDDEV | MIN(BODY)  | MAX(BODY)  |  SUM(BODY)   | AVG(BODY)  |
+-------+-----+-------+------+-----+-----+--------+-------------------------------------+-------+-------+---------+-------+-------+-------+-------+--------+------------+------------+--------------+------------+
| 11139 | 0   | 11139 | 0    | 0   | 0   | POST   | /api/chair/coordinate               | 0.007 | 0.153 | 357.669 | 0.032 | 0.048 | 0.053 | 0.066 | 0.012  | 29.000     | 29.000     | 323031.000   | 29.000     |
| 146   | 0   | 146   | 0    | 0   | 0   | GET    | /api/owner/chairs                   | 0.166 | 2.192 | 216.049 | 1.480 | 1.873 | 2.013 | 2.176 | 0.337  | 753.000    | 19007.000  | 147423.000   | 1009.747   |
| 1357  | 0   | 1357  | 0    | 0   | 0   | GET    | /api/app/notification               | 0.002 | 0.119 | 43.767  | 0.032 | 0.061 | 0.070 | 0.085 | 0.021  | 262.000    | 455.000    | 492661.000   | 363.052    |
| 1606  | 0   | 1606  | 0    | 0   | 0   | GET    | /api/chair/notification             | 0.001 | 0.145 | 32.606  | 0.020 | 0.041 | 0.049 | 0.091 | 0.019  | 35.000     | 271.000    | 337902.000   | 210.400    |
| 97    | 0   | 97    | 0    | 0   | 0   | GET    | /api/app/nearby-chairs              | 0.027 | 0.544 | 17.497  | 0.180 | 0.330 | 0.393 | 0.544 | 0.112  | 42.000     | 1372.000   | 33462.000    | 344.969    |
| 56    | 0   | 56    | 0    | 0   | 0   | POST   | /api/app/rides/[A-Z0-9]+/evaluation | 0.041 | 0.393 | 4.666   | 0.083 | 0.098 | 0.105 | 0.393 | 0.061  | 30.000     | 30.000     | 1680.000     | 30.000     |
| 1887  | 0   | 1883  | 0    | 0   | 4   | GET    | /api/internal/matching              | 0.000 | 0.088 | 3.807   | 0.002 | 0.001 | 0.002 | 0.039 | 0.007  | 166.000    | 166.000    | 664.000      | 0.352      |
| 132   | 0   | 132   | 0    | 0   | 0   | POST   | /api/chair/rides/[A-Z0-9]+/status   | 0.010 | 0.052 | 3.690   | 0.028 | 0.043 | 0.045 | 0.047 | 0.010  | 0.000      | 0.000      | 0.000        | 0.000      |
| 82    | 0   | 82    | 0    | 0   | 0   | POST   | /api/app/rides                      | 0.013 | 0.101 | 3.664   | 0.045 | 0.074 | 0.078 | 0.101 | 0.020  | 51.000     | 53.000     | 4249.000     | 51.817     |
| 63    | 0   | 63    | 0    | 0   | 0   | POST   | /api/app/payment-methods            | 0.009 | 0.171 | 2.707   | 0.043 | 0.155 | 0.164 | 0.171 | 0.051  | 0.000      | 0.000      | 0.000        | 0.000      |
| 1     | 0   | 1     | 0    | 0   | 0   | POST   | /api/initialize                     | 2.336 | 2.336 | 2.336   | 2.336 | 2.336 | 2.336 | 2.336 | 0.000  | 17.000     | 17.000     | 17.000       | 17.000     |
| 38    | 0   | 38    | 0    | 0   | 0   | POST   | /api/chair/activity                 | 0.011 | 0.173 | 2.128   | 0.056 | 0.173 | 0.173 | 0.173 | 0.060  | 0.000      | 0.000      | 0.000        | 0.000      |
| 100   | 0   | 100   | 0    | 0   | 0   | GET    | /api/app/rides                      | 0.001 | 0.052 | 1.527   | 0.015 | 0.027 | 0.041 | 0.050 | 0.011  | 12.000     | 2158.000   | 15432.000    | 154.320    |
| 63    | 0   | 63    | 0    | 0   | 0   | POST   | /api/app/users                      | 0.006 | 0.048 | 1.198   | 0.019 | 0.030 | 0.036 | 0.048 | 0.009  | 86.000     | 86.000     | 5418.000     | 86.000     |
| 86    | 0   | 86    | 0    | 0   | 0   | POST   | /api/app/rides/estimated-fare       | 0.001 | 0.034 | 0.783   | 0.009 | 0.018 | 0.023 | 0.034 | 0.007  | 26.000     | 29.000     | 2412.000     | 28.047     |
| 23    | 0   | 23    | 0    | 0   | 0   | GET    | /api/owner/sales                    | 0.023 | 0.042 | 0.679   | 0.030 | 0.036 | 0.036 | 0.042 | 0.005  | 422.000    | 9017.000   | 23501.000    | 1021.783   |
| 38    | 0   | 38    | 0    | 0   | 0   | POST   | /api/chair/chairs                   | 0.006 | 0.026 | 0.456   | 0.012 | 0.022 | 0.025 | 0.026 | 0.006  | 75.000     | 75.000     | 2850.000     | 75.000     |
| 6360  | 0   | 1584  | 4776 | 0   | 0   | GET    | /assets.*                           | 0.000 | 0.008 | 0.108   | 0.000 | 0.000 | 0.000 | 0.000 | 0.000  | 0.000      | 184569.000 | 24458559.000 | 3845.685   |
| 1     | 0   | 1     | 0    | 0   | 0   | GET    | /api/owner/sales?                   | 0.039 | 0.039 | 0.039   | 0.039 | 0.039 | 0.039 | 0.039 | 0.000  | 9183.000   | 9183.000   | 9183.000     | 9183.000   |
| 5     | 0   | 5     | 0    | 0   | 0   | POST   | /api/owner/owners                   | 0.006 | 0.009 | 0.033   | 0.007 | 0.009 | 0.009 | 0.009 | 0.001  | 125.000    | 125.000    | 625.000      | 125.000    |
| 217   | 0   | 64    | 153  | 0   | 0   | GET    | /images/town.svg                    | 0.000 | 0.002 | 0.003   | 0.000 | 0.000 | 0.000 | 0.000 | 0.000  | 0.000      | 128735.000 | 8239040.000  | 37967.926  |
| 1     | 0   | 1     | 0    | 0   | 0   | GET    | /index.html                         | 0.000 | 0.000 | 0.000   | 0.000 | 0.000 | 0.000 | 0.000 | 0.000  | 704.000    | 704.000    | 704.000      | 704.000    |
| 151   | 0   | 6     | 145  | 0   | 0   | GET    | /owner                              | 0.000 | 0.000 | 0.000   | 0.000 | 0.000 | 0.000 | 0.000 | 0.000  | 0.000      | 704.000    | 4224.000     | 27.974     |
| 217   | 0   | 64    | 153  | 0   | 0   | GET    | /images/buildings2.svg              | 0.000 | 0.000 | 0.000   | 0.000 | 0.000 | 0.000 | 0.000 | 0.000  | 0.000      | 23825.000  | 1524800.000  | 7026.728   |
| 1     | 0   | 1     | 0    | 0   | 0   | GET    | /favicon-128x128.png                | 0.000 | 0.000 | 0.000   | 0.000 | 0.000 | 0.000 | 0.000 | 0.000  | 783.000    | 783.000    | 783.000      | 783.000    |
| 367   | 0   | 69    | 298  | 0   | 0   | GET    | /favicon.ico                        | 0.000 | 0.000 | 0.000   | 0.000 | 0.000 | 0.000 | 0.000 | 0.000  | 0.000      | 16958.000  | 1170102.000  | 3188.289   |
| 1     | 0   | 1     | 0    | 0   | 0   | GET    | /images/top-bg.png                  | 0.000 | 0.000 | 0.000   | 0.000 | 0.000 | 0.000 | 0.000 | 0.000  | 549793.000 | 549793.000 | 549793.000   | 549793.000 |
| 217   | 0   | 64    | 153  | 0   | 0   | GET    | /images/buildings5.svg              | 0.000 | 0.000 | 0.000   | 0.000 | 0.000 | 0.000 | 0.000 | 0.000  | 0.000      | 9858.000   | 630912.000   | 2907.429   |
| 217   | 0   | 64    | 153  | 0   | 0   | GET    | /images/buildings4.svg              | 0.000 | 0.000 | 0.000   | 0.000 | 0.000 | 0.000 | 0.000 | 0.000  | 0.000      | 4582.000   | 293248.000   | 1351.373   |
| 217   | 0   | 64    | 153  | 0   | 0   | GET    | /images/buildings6.svg              | 0.000 | 0.000 | 0.000   | 0.000 | 0.000 | 0.000 | 0.000 | 0.000  | 0.000      | 9454.000   | 605056.000   | 2788.276   |
| 217   | 0   | 64    | 153  | 0   | 0   | GET    | /images/house2.svg                  | 0.000 | 0.000 | 0.000   | 0.000 | 0.000 | 0.000 | 0.000 | 0.000  | 0.000      | 6430.000   | 411520.000   | 1896.406   |
| 217   | 0   | 64    | 153  | 0   | 0   | GET    | /images/house1.svg                  | 0.000 | 0.000 | 0.000   | 0.000 | 0.000 | 0.000 | 0.000 | 0.000  | 0.000      | 2903.000   | 185792.000   | 856.184    |
| 217   | 0   | 64    | 153  | 0   | 0   | GET    | /images/buildings3.svg              | 0.000 | 0.000 | 0.000   | 0.000 | 0.000 | 0.000 | 0.000 | 0.000  | 0.000      | 23793.000  | 1522752.000  | 7017.290   |
| 1     | 0   | 1     | 0    | 0   | 0   | GET    | /apple-touch-icon-180x180.png       | 0.000 | 0.000 | 0.000   | 0.000 | 0.000 | 0.000 | 0.000 | 0.000  | 1020.000   | 1020.000   | 1020.000     | 1020.000   |
| 1     | 0   | 1     | 0    | 0   | 0   | GET    | /images/top-logo.svg                | 0.000 | 0.000 | 0.000   | 0.000 | 0.000 | 0.000 | 0.000 | 0.000  | 4749.000   | 4749.000   | 4749.000     | 4749.000   |
| 217   | 0   | 64    | 153  | 0   | 0   | GET    | /images/buildings1.svg              | 0.000 | 0.000 | 0.000   | 0.000 | 0.000 | 0.000 | 0.000 | 0.000  | 0.000      | 13886.000  | 888704.000   | 4095.410   |
| 367   | 0   | 69    | 298  | 0   | 0   | GET    | /favicon-32x32.png                  | 0.000 | 0.000 | 0.000   | 0.000 | 0.000 | 0.000 | 0.000 | 0.000  | 0.000      | 336.000    | 23184.000    | 63.172     |
| 217   | 0   | 64    | 153  | 0   | 0   | GET    | /client                             | 0.000 | 0.000 | 0.000   | 0.000 | 0.000 | 0.000 | 0.000 | 0.000  | 0.000      | 704.000    | 45056.000    | 207.631    |
+-------+-----+-------+------+-----+-----+--------+-------------------------------------+-------+-------+---------+-------+-------+-------+-------+--------+------------+------------+--------------+------------+
