
# 110ms user time, 20ms system time, 26.38M rss, 32.34M vsz
# Current date: Sun Dec  8 02:02:44 2024
# Hostname: ip-192-168-0-11
# Files: /var/log/mysql/mysql-slow.log
# Overall: 53 total, 2 unique, 1.89 QPS, 0.00x concurrency _______________
# Time range: 2024-12-08T02:02:15 to 2024-12-08T02:02:43
# Attribute          total     min     max     avg     95%  stddev  median
# ============     ======= ======= ======= ======= ======= ======= =======
# Exec time           38ms    13us     9ms   719us   568us     1ms   568us
# Lock time          149us       0     9us     2us     2us     1us     2us
# Rows sent              0       0       0       0       0       0       0
# Rows examine      39.10k       0     770  755.47  755.64  102.81  755.64
# Query size         3.58k      27      70   69.19   69.19    5.87   69.19

# Profile
# Rank Query ID                            Response time Calls R/Call V/M 
# ==== =================================== ============= ===== ====== ====
#    1 0x849E1710AFAB52A574793C57AB60F504  0.0381 100.0%    52 0.0007  0.00 SELECT rides
# MISC 0xMISC                               0.0000  0.0%     1 0.0000   0.0 <1 ITEMS>

# Query 1: 1.93 QPS, 0.00x concurrency, ID 0x849E1710AFAB52A574793C57AB60F504 at byte 422
# This item is included in the report because it matches --limit.
# Scores: V/M = 0.00
# Time range: 2024-12-08T02:02:16 to 2024-12-08T02:02:43
# Attribute    pct   total     min     max     avg     95%  stddev  median
# ============ === ======= ======= ======= ======= ======= ======= =======
# Count         98      52
# Exec time     99    38ms   558us     9ms   732us   568us     1ms   568us
# Lock time    100   149us     2us     9us     2us     2us       0     2us
# Rows sent      0       0       0       0       0       0       0       0
# Rows examine 100  39.10k     770     770     770     770       0     770
# Query size    99   3.55k      70      70      70      70       0      70
# String:
# Databases    isuride
# Hosts        localhost
# Users        isucon
# Query_time distribution
#   1us
#  10us
# 100us  ################################################################
#   1ms  #
#  10ms
# 100ms
#    1s
#  10s+
# Tables
#    SHOW TABLE STATUS FROM `isuride` LIKE 'rides'\G
#    SHOW CREATE TABLE `isuride`.`rides`\G
# EXPLAIN /*!50100 PARTITIONS*/
SELECT * FROM rides WHERE chair_id IS NULL ORDER BY created_at LIMIT 1\G
