+-------+-----+------+------+-----+-----+--------+-------------------------------------+-------+-------+----------+-------+-------+-------+-------+--------+------------+------------+-------------+------------+
| COUNT | 1XX | 2XX  | 3XX  | 4XX | 5XX | METHOD |                 URI                 |  MIN  |  MAX  |   SUM    |  AVG  |  P90  |  P95  |  P99  | STDDEV | MIN(BODY)  | MAX(BODY)  |  SUM(BODY)  | AVG(BODY)  |
+-------+-----+------+------+-----+-----+--------+-------------------------------------+-------+-------+----------+-------+-------+-------+-------+--------+------------+------------+-------------+------------+
| 8483  | 0   | 8469 | 0    | 14  | 0   | GET    | /api/chair/notification             | 0.007 | 0.452 | 1019.959 | 0.120 | 0.250 | 0.285 | 0.349 | 0.084  | 0.000      | 267.000    | 932440.000  | 109.919    |
| 1835  | 0   | 1825 | 0    | 10  | 0   | GET    | /api/app/notification               | 0.029 | 0.610 | 552.357  | 0.301 | 0.429 | 0.458 | 0.530 | 0.100  | 0.000      | 437.000    | 712688.000  | 388.386    |
| 2283  | 0   | 2283 | 0    | 0   | 0   | POST   | /api/chair/coordinate               | 0.034 | 0.460 | 436.966  | 0.191 | 0.263 | 0.287 | 0.342 | 0.055  | 29.000     | 29.000     | 66207.000   | 29.000     |
| 79    | 0   | 79   | 0    | 0   | 0   | GET    | /api/owner/chairs                   | 0.161 | 4.282 | 248.717  | 3.148 | 3.817 | 3.994 | 4.282 | 0.553  | 762.000    | 19007.000  | 79614.000   | 1007.772   |
| 21    | 0   | 21   | 0    | 0   | 0   | GET    | /api/app/nearby-chairs              | 3.137 | 4.240 | 80.910   | 3.853 | 4.211 | 4.235 | 4.240 | 0.335  | 42.000     | 898.000    | 7332.000    | 349.143    |
| 1810  | 0   | 1803 | 0    | 0   | 7   | GET    | /api/internal/matching              | 0.000 | 1.323 | 6.740    | 0.004 | 0.002 | 0.002 | 0.044 | 0.036  | 166.000    | 166.000    | 1162.000    | 0.642      |
| 11    | 0   | 11   | 0    | 0   | 0   | GET    | /api/owner/sales                    | 0.165 | 0.680 | 4.998    | 0.454 | 0.499 | 0.680 | 0.680 | 0.114  | 430.000    | 9017.000   | 13398.000   | 1218.000   |
| 20    | 0   | 20   | 0    | 0   | 0   | POST   | /api/app/rides                      | 0.055 | 0.392 | 3.642    | 0.182 | 0.319 | 0.360 | 0.392 | 0.093  | 51.000     | 52.000     | 1035.000    | 51.750     |
| 27    | 0   | 27   | 0    | 0   | 0   | POST   | /api/chair/rides/[A-Z0-9]+/status   | 0.024 | 0.250 | 3.291    | 0.122 | 0.210 | 0.222 | 0.250 | 0.058  | 0.000      | 0.000      | 0.000       | 0.000      |
| 7     | 0   | 7    | 0    | 0   | 0   | POST   | /api/app/rides/[A-Z0-9]+/evaluation | 0.223 | 0.758 | 2.754    | 0.393 | 0.758 | 0.758 | 0.758 | 0.190  | 30.000     | 30.000     | 210.000     | 30.000     |
| 24    | 0   | 24   | 0    | 0   | 0   | GET    | /api/app/rides                      | 0.001 | 0.349 | 2.220    | 0.092 | 0.235 | 0.337 | 0.349 | 0.104  | 12.000     | 2158.000   | 7297.000    | 304.042    |
| 1     | 0   | 1    | 0    | 0   | 0   | POST   | /api/initialize                     | 1.696 | 1.696 | 1.696    | 1.696 | 1.696 | 1.696 | 1.696 | 0.000  | 17.000     | 17.000     | 17.000      | 17.000     |
| 20    | 0   | 20   | 0    | 0   | 0   | POST   | /api/chair/activity                 | 0.013 | 0.143 | 1.549    | 0.077 | 0.142 | 0.143 | 0.143 | 0.050  | 0.000      | 0.000      | 0.000       | 0.000      |
| 6     | 0   | 0    | 0    | 6   | 0   | -      | -                                   | 0.228 | 0.230 | 1.375    | 0.229 | 0.230 | 0.230 | 0.230 | 0.001  | 166.000    | 166.000    | 996.000     | 166.000    |
| 13    | 0   | 13   | 0    | 0   | 0   | POST   | /api/app/payment-methods            | 0.034 | 0.115 | 1.252    | 0.096 | 0.113 | 0.115 | 0.115 | 0.024  | 0.000      | 0.000      | 0.000       | 0.000      |
| 24    | 0   | 24   | 0    | 0   | 0   | POST   | /api/app/rides/estimated-fare       | 0.001 | 0.145 | 1.118    | 0.047 | 0.088 | 0.142 | 0.145 | 0.038  | 26.000     | 29.000     | 663.000     | 27.625     |
| 13    | 0   | 13   | 0    | 0   | 0   | POST   | /api/app/users                      | 0.006 | 0.073 | 0.270    | 0.021 | 0.072 | 0.073 | 0.073 | 0.026  | 86.000     | 86.000     | 1118.000    | 86.000     |
| 1     | 0   | 1    | 0    | 0   | 0   | GET    | /api/owner/sales?                   | 0.183 | 0.183 | 0.183    | 0.183 | 0.183 | 0.183 | 0.183 | 0.000  | 9183.000   | 9183.000   | 9183.000    | 9183.000   |
| 20    | 0   | 20   | 0    | 0   | 0   | POST   | /api/chair/chairs                   | 0.006 | 0.009 | 0.136    | 0.007 | 0.008 | 0.008 | 0.009 | 0.001  | 75.000     | 75.000     | 1500.000    | 75.000     |
| 5     | 0   | 5    | 0    | 0   | 0   | POST   | /api/owner/owners                   | 0.006 | 0.009 | 0.036    | 0.007 | 0.009 | 0.009 | 0.009 | 0.001  | 125.000    | 125.000    | 625.000     | 125.000    |
| 2080  | 0   | 434  | 1646 | 0   | 0   | GET    | /assets.*                           | 0.000 | 0.004 | 0.020    | 0.000 | 0.000 | 0.000 | 0.000 | 0.000  | 0.000      | 184569.000 | 6775709.000 | 3257.552   |
| 42    | 0   | 14   | 28   | 0   | 0   | GET    | /images/buildings4.svg              | 0.000 | 0.000 | 0.000    | 0.000 | 0.000 | 0.000 | 0.000 | 0.000  | 0.000      | 4582.000   | 64148.000   | 1527.333   |
| 84    | 0   | 6    | 78   | 0   | 0   | GET    | /owner                              | 0.000 | 0.000 | 0.000    | 0.000 | 0.000 | 0.000 | 0.000 | 0.000  | 0.000      | 704.000    | 4224.000    | 50.286     |
| 42    | 0   | 14   | 28   | 0   | 0   | GET    | /images/town.svg                    | 0.000 | 0.000 | 0.000    | 0.000 | 0.000 | 0.000 | 0.000 | 0.000  | 0.000      | 128735.000 | 1802290.000 | 42911.667  |
| 42    | 0   | 14   | 28   | 0   | 0   | GET    | /images/buildings2.svg              | 0.000 | 0.000 | 0.000    | 0.000 | 0.000 | 0.000 | 0.000 | 0.000  | 0.000      | 23825.000  | 333550.000  | 7941.667   |
| 42    | 0   | 14   | 28   | 0   | 0   | GET    | /images/buildings6.svg              | 0.000 | 0.000 | 0.000    | 0.000 | 0.000 | 0.000 | 0.000 | 0.000  | 0.000      | 9454.000   | 132356.000  | 3151.333   |
| 1     | 0   | 1    | 0    | 0   | 0   | GET    | /index.html                         | 0.000 | 0.000 | 0.000    | 0.000 | 0.000 | 0.000 | 0.000 | 0.000  | 704.000    | 704.000    | 704.000     | 704.000    |
| 42    | 0   | 14   | 28   | 0   | 0   | GET    | /images/buildings5.svg              | 0.000 | 0.000 | 0.000    | 0.000 | 0.000 | 0.000 | 0.000 | 0.000  | 0.000      | 9858.000   | 138012.000  | 3286.000   |
| 42    | 0   | 14   | 28   | 0   | 0   | GET    | /images/buildings1.svg              | 0.000 | 0.000 | 0.000    | 0.000 | 0.000 | 0.000 | 0.000 | 0.000  | 0.000      | 13886.000  | 194404.000  | 4628.667   |
| 1     | 0   | 1    | 0    | 0   | 0   | GET    | /images/top-bg.png                  | 0.000 | 0.000 | 0.000    | 0.000 | 0.000 | 0.000 | 0.000 | 0.000  | 549793.000 | 549793.000 | 549793.000  | 549793.000 |
| 42    | 0   | 14   | 28   | 0   | 0   | GET    | /images/buildings3.svg              | 0.000 | 0.000 | 0.000    | 0.000 | 0.000 | 0.000 | 0.000 | 0.000  | 0.000      | 23793.000  | 333102.000  | 7931.000   |
| 125   | 0   | 19   | 106  | 0   | 0   | GET    | /favicon.ico                        | 0.000 | 0.000 | 0.000    | 0.000 | 0.000 | 0.000 | 0.000 | 0.000  | 0.000      | 16958.000  | 322202.000  | 2577.616   |
| 1     | 0   | 1    | 0    | 0   | 0   | GET    | /images/top-logo.svg                | 0.000 | 0.000 | 0.000    | 0.000 | 0.000 | 0.000 | 0.000 | 0.000  | 4749.000   | 4749.000   | 4749.000    | 4749.000   |
| 1     | 0   | 1    | 0    | 0   | 0   | GET    | /favicon-128x128.png                | 0.000 | 0.000 | 0.000    | 0.000 | 0.000 | 0.000 | 0.000 | 0.000  | 783.000    | 783.000    | 783.000     | 783.000    |
| 42    | 0   | 14   | 28   | 0   | 0   | GET    | /images/house1.svg                  | 0.000 | 0.000 | 0.000    | 0.000 | 0.000 | 0.000 | 0.000 | 0.000  | 0.000      | 2903.000   | 40642.000   | 967.667    |
| 125   | 0   | 19   | 106  | 0   | 0   | GET    | /favicon-32x32.png                  | 0.000 | 0.000 | 0.000    | 0.000 | 0.000 | 0.000 | 0.000 | 0.000  | 0.000      | 336.000    | 6384.000    | 51.072     |
| 1     | 0   | 1    | 0    | 0   | 0   | GET    | /apple-touch-icon-180x180.png       | 0.000 | 0.000 | 0.000    | 0.000 | 0.000 | 0.000 | 0.000 | 0.000  | 1020.000   | 1020.000   | 1020.000    | 1020.000   |
| 42    | 0   | 14   | 28   | 0   | 0   | GET    | /images/house2.svg                  | 0.000 | 0.000 | 0.000    | 0.000 | 0.000 | 0.000 | 0.000 | 0.000  | 0.000      | 6430.000   | 90020.000   | 2143.333   |
| 42    | 0   | 14   | 28   | 0   | 0   | GET    | /client                             | 0.000 | 0.000 | 0.000    | 0.000 | 0.000 | 0.000 | 0.000 | 0.000  | 0.000      | 704.000    | 9856.000    | 234.667    |
+-------+-----+------+------+-----+-----+--------+-------------------------------------+-------+-------+----------+-------+-------+-------+-------+--------+------------+------------+-------------+------------+
